#
# There is insufficient memory for the Java Runtime Environment to continue.
# Native memory allocation (malloc) failed to allocate 1048576 bytes. Error detail: AllocateHeap
# Possible reasons:
#   The system is out of physical RAM or swap space
#   This process is running with CompressedOops enabled, and the Java Heap may be blocking the growth of the native heap
# Possible solutions:
#   Reduce memory load on the system
#   Increase physical memory or swap space
#   Check if swap backing store is full
#   Decrease Java heap size (-Xmx/-Xms)
#   Decrease number of Java threads
#   Decrease Java thread stack sizes (-Xss)
#   Set larger code cache with -XX:ReservedCodeCacheSize=
#   JVM is running with Unscaled Compressed Oops mode in which the Java heap is
#     placed in the first 4GB address space. The Java Heap base address is the
#     maximum limit for the native heap growth. Please use -XX:HeapBaseMinAddress
#     to set the Java Heap base and to place the Java Heap above 4GB virtual address.
# This output file may be truncated or incomplete.
#
#  Out of Memory Error (allocation.cpp:44), pid=20164, tid=7192
#
# JRE version: OpenJDK Runtime Environment Temurin-21.0.10+7 (21.0.10+7) (build 21.0.10+7-LTS)
# Java VM: OpenJDK 64-Bit Server VM Temurin-21.0.10+7 (21.0.10+7-LTS, mixed mode, sharing, tiered, compressed oops, compressed class ptrs, parallel gc, windows-amd64)
# No core dump will be written. Minidumps are not enabled by default on client versions of Windows
#

---------------  S U M M A R Y ------------

Command Line: --add-modules=ALL-SYSTEM --add-opens=java.base/java.util=ALL-UNNAMED --add-opens=java.base/java.lang=ALL-UNNAMED --add-opens=java.base/sun.nio.fs=ALL-UNNAMED -Declipse.application=org.eclipse.jdt.ls.core.id1 -Dosgi.bundles.defaultStartLevel=4 -Declipse.product=org.eclipse.jdt.ls.core.product -Djava.import.generatesMetadataFilesAtProjectRoot=false -DDetectVMInstallationsJob.disabled=true -Dfile.encoding=utf8 -XX:+UseParallelGC -XX:GCTimeRatio=4 -XX:AdaptiveSizePolicyWeight=90 -Dsun.zip.disableMemoryMapping=true -Xmx2G -Xms100m -Xlog:disable -javaagent:c:\Users\admin\.vscode\extensions\redhat.java-1.54.0-win32-x64\lombok\lombok-1.18.39-4050.jar -XX:+HeapDumpOnOutOfMemoryError -XX:HeapDumpPath=c:\Users\admin\AppData\Roaming\Code\User\workspaceStorage\a2da959bb8f62bc02fbd63bbe303bc2e\redhat.java -Daether.dependencyCollector.impl=bf c:\Users\admin\.vscode\extensions\redhat.java-1.54.0-win32-x64\server\plugins\org.eclipse.equinox.launcher_1.7.100.v20251111-0406.jar -configuration c:\Users\admin\AppData\Roaming\Code\User\globalStorage\redhat.java\1.54.0\config_win -data c:\Users\admin\AppData\Roaming\Code\User\workspaceStorage\a2da959bb8f62bc02fbd63bbe303bc2e\redhat.java\jdt_ws --pipe=\\.\pipe\lsp-4412525fdc6e24bf378ebc06986b785d-sock

Host: AMD Ryzen 7 3750H with Radeon Vega Mobile Gfx  , 8 cores, 13G,  Windows 11 , 64 bit Build 26100 (10.0.26100.8328)
Time: Tue May  5 08:07:20 2026 SE Asia Standard Time elapsed time: 3467.667695 seconds (0d 0h 57m 47s)

---------------  T H R E A D  ---------------

Current thread (0x000002686bcf98b0):  JavaThread "Attach Listener" daemon [_thread_in_vm, id=7192, stack(0x0000009023f00000,0x0000009024000000) (1024K)]

Stack: [0x0000009023f00000,0x0000009024000000]
Native frames: (J=compiled Java code, j=interpreted, Vv=VM code, C=native code)
V  [jvm.dll+0x6d7a39]
V  [jvm.dll+0x8b4b26]
V  [jvm.dll+0x8b70de]
V  [jvm.dll+0x8b77c3]
V  [jvm.dll+0x284346]
V  [jvm.dll+0xc1277]
V  [jvm.dll+0x6d82e9]
V  [jvm.dll+0x1334a6]
V  [jvm.dll+0x3f857e]
V  [jvm.dll+0x85f59d]
V  [jvm.dll+0x6d626d]
C  [ucrtbase.dll+0x37b0]
C  [KERNEL32.DLL+0x2e957]
C  [ntdll.dll+0x427c]


---------------  P R O C E S S  ---------------

Threads class SMR info:
_java_thread_list=0x00000268496d5450, length=35, elements={
0x000002686996a610, 0x000002686be3abc0, 0x000002686be3e1b0, 0x000002686bcf6ac0,
0x000002686bcf98b0, 0x000002686bcfb870, 0x000002686bcfc2d0, 0x000002686bcfff60,
0x0000026849008070, 0x00000268491c6f10, 0x000002684930e2d0, 0x00000268498bad10,
0x0000026849a4e280, 0x0000026849ad2ca0, 0x0000026849ac1920, 0x0000026849b84ed0,
0x0000026849bb59d0, 0x00000268492c4240, 0x000002684a29d720, 0x000002684a29f7f0,
0x000002684a29ead0, 0x000002684c89ef50, 0x000002684c89e230, 0x000002684c89f5e0,
0x000002684c89fc70, 0x000002684c89d510, 0x000002684c8a0300, 0x000002684c8a0990,
0x000002684c89e8c0, 0x000002684c8a1020, 0x000002684c8a4b30, 0x000002684c8a1d40,
0x000002684dc2e740, 0x000002684a29fe80, 0x000002684cc711a0
}

Java Threads: ( => current thread )
  0x000002686996a610 JavaThread "main"                              [_thread_blocked, id=17356, stack(0x0000009023800000,0x0000009023900000) (1024K)]
  0x000002686be3abc0 JavaThread "Reference Handler"          daemon [_thread_blocked, id=1904, stack(0x0000009023c00000,0x0000009023d00000) (1024K)]
  0x000002686be3e1b0 JavaThread "Finalizer"                  daemon [_thread_blocked, id=7632, stack(0x0000009023d00000,0x0000009023e00000) (1024K)]
  0x000002686bcf6ac0 JavaThread "Signal Dispatcher"          daemon [_thread_blocked, id=12476, stack(0x0000009023e00000,0x0000009023f00000) (1024K)]
=>0x000002686bcf98b0 JavaThread "Attach Listener"            daemon [_thread_in_vm, id=7192, stack(0x0000009023f00000,0x0000009024000000) (1024K)]
  0x000002686bcfb870 JavaThread "Service Thread"             daemon [_thread_blocked, id=11544, stack(0x0000009024000000,0x0000009024100000) (1024K)]
  0x000002686bcfc2d0 JavaThread "Monitor Deflation Thread"   daemon [_thread_blocked, id=976, stack(0x0000009024100000,0x0000009024200000) (1024K)]
  0x000002686bcfff60 JavaThread "C2 CompilerThread0"         daemon [_thread_blocked, id=1300, stack(0x0000009024200000,0x0000009024300000) (1024K)]
  0x0000026849008070 JavaThread "C1 CompilerThread0"         daemon [_thread_blocked, id=20220, stack(0x0000009024300000,0x0000009024400000) (1024K)]
  0x00000268491c6f10 JavaThread "Common-Cleaner"             daemon [_thread_blocked, id=9156, stack(0x0000009024400000,0x0000009024500000) (1024K)]
  0x000002684930e2d0 JavaThread "Notification Thread"        daemon [_thread_blocked, id=10688, stack(0x0000009024600000,0x0000009024700000) (1024K)]
  0x00000268498bad10 JavaThread "Active Thread: Equinox Container: 848cbd93-2479-4b36-b127-3585fe66a52b"        [_thread_blocked, id=12848, stack(0x0000009024e00000,0x0000009024f00000) (1024K)]
  0x0000026849a4e280 JavaThread "Refresh Thread: Equinox Container: 848cbd93-2479-4b36-b127-3585fe66a52b" daemon [_thread_blocked, id=18648, stack(0x0000009025000000,0x0000009025100000) (1024K)]
  0x0000026849ad2ca0 JavaThread "Framework Event Dispatcher: Equinox Container: 848cbd93-2479-4b36-b127-3585fe66a52b" daemon [_thread_blocked, id=10992, stack(0x0000009025100000,0x0000009025200000) (1024K)]
  0x0000026849ac1920 JavaThread "Start Level: Equinox Container: 848cbd93-2479-4b36-b127-3585fe66a52b" daemon [_thread_blocked, id=8812, stack(0x0000009025200000,0x0000009025300000) (1024K)]
  0x0000026849b84ed0 JavaThread "Bundle File Closer"         daemon [_thread_blocked, id=10484, stack(0x0000009024700000,0x0000009024800000) (1024K)]
  0x0000026849bb59d0 JavaThread "SCR Component Actor"        daemon [_thread_blocked, id=15292, stack(0x0000009024500000,0x0000009024600000) (1024K)]
  0x00000268492c4240 JavaThread "Worker-JM"                         [_thread_blocked, id=18200, stack(0x0000009025400000,0x0000009025500000) (1024K)]
  0x000002684a29d720 JavaThread "JNA Cleaner"                daemon [_thread_blocked, id=7516, stack(0x0000009025300000,0x0000009025400000) (1024K)]
  0x000002684a29f7f0 JavaThread "Java indexing"              daemon [_thread_blocked, id=19232, stack(0x0000009025800000,0x0000009025900000) (1024K)]
  0x000002684a29ead0 JavaThread "Thread-1"                   daemon [_thread_in_native, id=1500, stack(0x0000009025f00000,0x0000009026000000) (1024K)]
  0x000002684c89ef50 JavaThread "Thread-2"                   daemon [_thread_in_native, id=12140, stack(0x0000009026000000,0x0000009026100000) (1024K)]
  0x000002684c89e230 JavaThread "Thread-3"                   daemon [_thread_in_native, id=18356, stack(0x0000009026100000,0x0000009026200000) (1024K)]
  0x000002684c89f5e0 JavaThread "Thread-4"                   daemon [_thread_in_native, id=6708, stack(0x0000009026200000,0x0000009026300000) (1024K)]
  0x000002684c89fc70 JavaThread "Thread-5"                   daemon [_thread_in_native, id=18980, stack(0x0000009026300000,0x0000009026400000) (1024K)]
  0x000002684c89d510 JavaThread "Thread-6"                   daemon [_thread_in_native, id=3544, stack(0x0000009026400000,0x0000009026500000) (1024K)]
  0x000002684c8a0300 JavaThread "Thread-7"                   daemon [_thread_in_native, id=9984, stack(0x0000009026500000,0x0000009026600000) (1024K)]
  0x000002684c8a0990 JavaThread "Thread-8"                   daemon [_thread_in_native, id=17972, stack(0x0000009026600000,0x0000009026700000) (1024K)]
  0x000002684c89e8c0 JavaThread "Thread-9"                   daemon [_thread_in_native, id=18500, stack(0x0000009026700000,0x0000009026800000) (1024K)]
  0x000002684c8a1020 JavaThread "pool-2-thread-1"                   [_thread_blocked, id=5644, stack(0x0000009026800000,0x0000009026900000) (1024K)]
  0x000002684c8a4b30 JavaThread "WorkspaceEventsHandler"            [_thread_blocked, id=11812, stack(0x0000009025a00000,0x0000009025b00000) (1024K)]
  0x000002684c8a1d40 JavaThread "pool-1-thread-1"                   [_thread_blocked, id=19208, stack(0x0000009026a00000,0x0000009026b00000) (1024K)]
  0x000002684dc2e740 JavaThread "Cleaner-0"                  daemon [_thread_blocked, id=5428, stack(0x0000009026b00000,0x0000009026c00000) (1024K)]
  0x000002684a29fe80 JavaThread "Worker-6"                          [_thread_blocked, id=1824, stack(0x0000009023700000,0x0000009023800000) (1024K)]
  0x000002684cc711a0 JavaThread "Worker-7"                          [_thread_blocked, id=3564, stack(0x0000009025900000,0x0000009025a00000) (1024K)]
Total: 35

Other Threads:
  0x000002686bcf1dc0 VMThread "VM Thread"                           [id=7552, stack(0x0000009023b00000,0x0000009023c00000) (1024K)]
  0x000002686bc0cb20 WatcherThread "VM Periodic Task Thread"        [id=17016, stack(0x0000009023a00000,0x0000009023b00000) (1024K)]
  0x000002686bd9b960 WorkerThread "GC Thread#0"                     [id=14832, stack(0x0000009023900000,0x0000009023a00000) (1024K)]
  0x0000026849690db0 WorkerThread "GC Thread#1"                     [id=19184, stack(0x0000009024800000,0x0000009024900000) (1024K)]
  0x0000026849d75870 WorkerThread "GC Thread#2"                     [id=1812, stack(0x0000009024900000,0x0000009024a00000) (1024K)]
  0x0000026849d75c20 WorkerThread "GC Thread#3"                     [id=20072, stack(0x0000009024a00000,0x0000009024b00000) (1024K)]
  0x0000026849763960 WorkerThread "GC Thread#4"                     [id=16128, stack(0x0000009024b00000,0x0000009024c00000) (1024K)]
  0x0000026849763d10 WorkerThread "GC Thread#5"                     [id=18600, stack(0x0000009024c00000,0x0000009024d00000) (1024K)]
  0x0000026849ae9120 WorkerThread "GC Thread#6"                     [id=18084, stack(0x0000009024d00000,0x0000009024e00000) (1024K)]
  0x0000026849db45b0 WorkerThread "GC Thread#7"                     [id=11376, stack(0x0000009024f00000,0x0000009025000000) (1024K)]
Total: 10

Threads with active compile tasks:
Total: 0

VM state: not at safepoint (normal execution)

VM Mutex/Monitor currently owned by a thread: None

Heap address: 0x0000000080000000, size: 2048 MB, Compressed Oops mode: 32-bit

CDS archive(s) mapped at: [0x0000026804000000-0x0000026804ba0000-0x0000026804ba0000), size 12189696, SharedBaseAddress: 0x0000026804000000, ArchiveRelocationMode: 1.
Compressed class space mapped at: 0x0000026805000000-0x0000026845000000, reserved size: 1073741824
Narrow klass base: 0x0000026804000000, Narrow klass shift: 0, Narrow klass range: 0x100000000

GC Precious Log:
 CardTable entry size: 512
 CPUs: 8 total, 8 available
 Memory: 14274M
 Large Page Support: Disabled
 NUMA Support: Disabled
 Compressed Oops: Enabled (32-bit)
 Alignments: Space 512K, Generation 512K, Heap 2M
 Heap Min Capacity: 100M
 Heap Initial Capacity: 100M
 Heap Max Capacity: 2G
 Pre-touch: Disabled
 Parallel Workers: 8

Heap:
 PSYoungGen      total 2560K, used 1077K [0x00000000d5580000, 0x00000000d5900000, 0x0000000100000000)
  eden space 2048K, 41% used [0x00000000d5580000,0x00000000d56557a0,0x00000000d5780000)
  from space 512K, 43% used [0x00000000d5800000,0x00000000d5838000,0x00000000d5880000)
  to   space 512K, 0% used [0x00000000d5880000,0x00000000d5880000,0x00000000d5900000)
 ParOldGen       total 289280K, used 187493K [0x0000000080000000, 0x0000000091a80000, 0x00000000d5580000)
  object space 289280K, 64% used [0x0000000080000000,0x000000008b719680,0x0000000091a80000)
 Metaspace       used 76644K, committed 78336K, reserved 1179648K
  class space    used 7721K, committed 8448K, reserved 1048576K

Card table byte_map: [0x000002686b720000,0x000002686bb30000] _byte_map_base: 0x000002686b320000

Marking Bits: (ParMarkBitMap*) 0x00007ffa08f93450
 Begin Bits: [0x0000026800000000, 0x0000026802000000)
 End Bits:   [0x0000026802000000, 0x0000026804000000)

Polling page: 0x0000026869bc0000

Metaspace:

Usage:
  Non-class:     67.31 MB used.
      Class:      7.54 MB used.
       Both:     74.85 MB used.

Virtual space:
  Non-class space:      128.00 MB reserved,      68.25 MB ( 53%) committed,  2 nodes.
      Class space:        1.00 GB reserved,       8.25 MB ( <1%) committed,  1 nodes.
             Both:        1.12 GB reserved,      76.50 MB (  7%) committed. 

Chunk freelists:
   Non-Class:  11.47 MB
       Class:  7.78 MB
        Both:  19.24 MB

MaxMetaspaceSize: unlimited
CompressedClassSpaceSize: 1.00 GB
Initial GC threshold: 21.00 MB
Current GC threshold: 124.50 MB
CDS: on
 - commit_granule_bytes: 65536.
 - commit_granule_words: 8192.
 - virtual_space_node_default_size: 8388608.
 - enlarge_chunks_in_place: 1.
 - use_allocation_guard: 0.


Internal statistics:

num_allocs_failed_limit: 13.
num_arena_births: 1570.
num_arena_deaths: 24.
num_vsnodes_births: 3.
num_vsnodes_deaths: 0.
num_space_committed: 1224.
num_space_uncommitted: 0.
num_chunks_returned_to_freelist: 41.
num_chunks_taken_from_freelist: 5423.
num_chunk_merges: 14.
num_chunk_splits: 3250.
num_chunks_enlarged: 1720.
num_inconsistent_stats: 0.

CodeHeap 'non-profiled nmethods': size=120000Kb used=13728Kb max_used=13728Kb free=106271Kb
 bounds [0x0000026876a50000, 0x00000268777c0000, 0x000002687df80000]
CodeHeap 'profiled nmethods': size=120000Kb used=41049Kb max_used=41049Kb free=78950Kb
 bounds [0x000002686ef80000, 0x00000268717a0000, 0x00000268764b0000]
CodeHeap 'non-nmethods': size=5760Kb used=1482Kb max_used=1551Kb free=4277Kb
 bounds [0x00000268764b0000, 0x0000026876720000, 0x0000026876a50000]
CodeCache: size=245760Kb, used=56259Kb, max_used=56328Kb, free=189498Kb
 total_blobs=18069, nmethods=17274, adapters=696, full_count=0
Compilation: enabled, stopped_count=0, restarted_count=0

Compilation events (20 events):
Event: 2576.721 Thread 0x0000026849008070 18851       3       org.eclipse.jdt.ls.core.internal.ParentProcessWatcher::run (83 bytes)
Event: 2576.730 Thread 0x0000026849008070 nmethod 18851 0x000002687178b290 code [0x000002687178b520, 0x000002687178bfb0]
Event: 2576.730 Thread 0x0000026849008070 18852       3       org.eclipse.jdt.ls.core.internal.ParentProcessWatcher::parentProcessStillRunning (62 bytes)
Event: 2576.732 Thread 0x0000026849008070 nmethod 18852 0x000002687178c310 code [0x000002687178c540, 0x000002687178cc48]
Event: 2806.883 Thread 0x0000026849008070 18853       3       java.lang.ProcessHandleImpl::<init> (15 bytes)
Event: 2806.884 Thread 0x0000026849008070 nmethod 18853 0x000002687178ce90 code [0x000002687178d040, 0x000002687178d1b0]
Event: 3067.942 Thread 0x0000026849008070 18854   !   3       org.eclipse.core.internal.jobs.JobManager::nextJob (291 bytes)
Event: 3067.949 Thread 0x0000026849008070 nmethod 18854 0x000002687178d290 code [0x000002687178d720, 0x000002687178f858]
Event: 3067.949 Thread 0x0000026849008070 18855       3       org.eclipse.core.internal.jobs.JobManager::startJob (89 bytes)
Event: 3067.953 Thread 0x0000026849008070 nmethod 18855 0x0000026871790990 code [0x0000026871790c40, 0x0000026871791aa0]
Event: 3247.976 Thread 0x0000026849008070 18856       3       org.eclipse.core.internal.jobs.JobQueue::isEmpty (18 bytes)
Event: 3247.976 Thread 0x0000026849008070 nmethod 18856 0x0000026871791f10 code [0x00000268717920c0, 0x0000026871792250]
Event: 3307.985 Thread 0x0000026849008070 18857   !   3       org.eclipse.core.internal.jobs.JobManager::sleepHint (67 bytes)
Event: 3307.989 Thread 0x0000026849008070 nmethod 18857 0x0000026871792310 code [0x0000026871792580, 0x0000026871793050]
Event: 3314.788 Thread 0x0000026849008070 18858   !   3       java.lang.ref.ReferenceQueue::remove (61 bytes)
Event: 3314.790 Thread 0x0000026849008070 nmethod 18858 0x0000026871793510 code [0x00000268717937a0, 0x0000026871794328]
Event: 3314.790 Thread 0x0000026849008070 18859       3       java.lang.ref.ReferenceQueue::remove0 (64 bytes)
Event: 3314.790 Thread 0x0000026849008070 nmethod 18859 0x0000026871794710 code [0x0000026871794920, 0x0000026871794da0]
Event: 3404.804 Thread 0x0000026849008070 18860       3       java.util.concurrent.locks.AbstractQueuedSynchronizer$ConditionObject::await (202 bytes)
Event: 3404.806 Thread 0x0000026849008070 nmethod 18860 0x0000026871794f10 code [0x0000026871795200, 0x0000026871796030]

GC Heap History (20 events):
Event: 578.907 GC heap before
{Heap before GC invocations=1194 (full 4):
 PSYoungGen      total 2560K, used 2272K [0x00000000d5580000, 0x00000000d5900000, 0x0000000100000000)
  eden space 2048K, 100% used [0x00000000d5580000,0x00000000d5780000,0x00000000d5780000)
  from space 512K, 43% used [0x00000000d5800000,0x00000000d5838000,0x00000000d5880000)
  to   space 512K, 0% used [0x00000000d5880000,0x00000000d5880000,0x00000000d5900000)
 ParOldGen       total 289280K, used 187125K [0x0000000080000000, 0x0000000091a80000, 0x00000000d5580000)
  object space 289280K, 64% used [0x0000000080000000,0x000000008b6bd680,0x0000000091a80000)
 Metaspace       used 76580K, committed 78272K, reserved 1179648K
  class space    used 7717K, committed 8448K, reserved 1048576K
}
Event: 578.908 GC heap after
{Heap after GC invocations=1194 (full 4):
 PSYoungGen      total 2560K, used 192K [0x00000000d5580000, 0x00000000d5900000, 0x0000000100000000)
  eden space 2048K, 0% used [0x00000000d5580000,0x00000000d5580000,0x00000000d5780000)
  from space 512K, 37% used [0x00000000d5880000,0x00000000d58b0000,0x00000000d5900000)
  to   space 512K, 0% used [0x00000000d5800000,0x00000000d5800000,0x00000000d5880000)
 ParOldGen       total 289280K, used 187165K [0x0000000080000000, 0x0000000091a80000, 0x00000000d5580000)
  object space 289280K, 64% used [0x0000000080000000,0x000000008b6c7680,0x0000000091a80000)
 Metaspace       used 76580K, committed 78272K, reserved 1179648K
  class space    used 7717K, committed 8448K, reserved 1048576K
}
Event: 578.915 GC heap before
{Heap before GC invocations=1195 (full 4):
 PSYoungGen      total 2560K, used 2240K [0x00000000d5580000, 0x00000000d5900000, 0x0000000100000000)
  eden space 2048K, 100% used [0x00000000d5580000,0x00000000d5780000,0x00000000d5780000)
  from space 512K, 37% used [0x00000000d5880000,0x00000000d58b0000,0x00000000d5900000)
  to   space 512K, 0% used [0x00000000d5800000,0x00000000d5800000,0x00000000d5880000)
 ParOldGen       total 289280K, used 187165K [0x0000000080000000, 0x0000000091a80000, 0x00000000d5580000)
  object space 289280K, 64% used [0x0000000080000000,0x000000008b6c7680,0x0000000091a80000)
 Metaspace       used 76580K, committed 78272K, reserved 1179648K
  class space    used 7717K, committed 8448K, reserved 1048576K
}
Event: 578.916 GC heap after
{Heap after GC invocations=1195 (full 4):
 PSYoungGen      total 2560K, used 256K [0x00000000d5580000, 0x00000000d5900000, 0x0000000100000000)
  eden space 2048K, 0% used [0x00000000d5580000,0x00000000d5580000,0x00000000d5780000)
  from space 512K, 50% used [0x00000000d5800000,0x00000000d5840000,0x00000000d5880000)
  to   space 512K, 0% used [0x00000000d5880000,0x00000000d5880000,0x00000000d5900000)
 ParOldGen       total 289280K, used 187205K [0x0000000080000000, 0x0000000091a80000, 0x00000000d5580000)
  object space 289280K, 64% used [0x0000000080000000,0x000000008b6d1680,0x0000000091a80000)
 Metaspace       used 76580K, committed 78272K, reserved 1179648K
  class space    used 7717K, committed 8448K, reserved 1048576K
}
Event: 578.923 GC heap before
{Heap before GC invocations=1196 (full 4):
 PSYoungGen      total 2560K, used 2304K [0x00000000d5580000, 0x00000000d5900000, 0x0000000100000000)
  eden space 2048K, 100% used [0x00000000d5580000,0x00000000d5780000,0x00000000d5780000)
  from space 512K, 50% used [0x00000000d5800000,0x00000000d5840000,0x00000000d5880000)
  to   space 512K, 0% used [0x00000000d5880000,0x00000000d5880000,0x00000000d5900000)
 ParOldGen       total 289280K, used 187205K [0x0000000080000000, 0x0000000091a80000, 0x00000000d5580000)
  object space 289280K, 64% used [0x0000000080000000,0x000000008b6d1680,0x0000000091a80000)
 Metaspace       used 76580K, committed 78272K, reserved 1179648K
  class space    used 7717K, committed 8448K, reserved 1048576K
}
Event: 578.925 GC heap after
{Heap after GC invocations=1196 (full 4):
 PSYoungGen      total 2560K, used 256K [0x00000000d5580000, 0x00000000d5900000, 0x0000000100000000)
  eden space 2048K, 0% used [0x00000000d5580000,0x00000000d5580000,0x00000000d5780000)
  from space 512K, 50% used [0x00000000d5880000,0x00000000d58c0000,0x00000000d5900000)
  to   space 512K, 0% used [0x00000000d5800000,0x00000000d5800000,0x00000000d5880000)
 ParOldGen       total 289280K, used 187229K [0x0000000080000000, 0x0000000091a80000, 0x00000000d5580000)
  object space 289280K, 64% used [0x0000000080000000,0x000000008b6d7680,0x0000000091a80000)
 Metaspace       used 76580K, committed 78272K, reserved 1179648K
  class space    used 7717K, committed 8448K, reserved 1048576K
}
Event: 578.932 GC heap before
{Heap before GC invocations=1197 (full 4):
 PSYoungGen      total 2560K, used 2304K [0x00000000d5580000, 0x00000000d5900000, 0x0000000100000000)
  eden space 2048K, 100% used [0x00000000d5580000,0x00000000d5780000,0x00000000d5780000)
  from space 512K, 50% used [0x00000000d5880000,0x00000000d58c0000,0x00000000d5900000)
  to   space 512K, 0% used [0x00000000d5800000,0x00000000d5800000,0x00000000d5880000)
 ParOldGen       total 289280K, used 187229K [0x0000000080000000, 0x0000000091a80000, 0x00000000d5580000)
  object space 289280K, 64% used [0x0000000080000000,0x000000008b6d7680,0x0000000091a80000)
 Metaspace       used 76580K, committed 78272K, reserved 1179648K
  class space    used 7717K, committed 8448K, reserved 1048576K
}
Event: 578.934 GC heap after
{Heap after GC invocations=1197 (full 4):
 PSYoungGen      total 2560K, used 192K [0x00000000d5580000, 0x00000000d5900000, 0x0000000100000000)
  eden space 2048K, 0% used [0x00000000d5580000,0x00000000d5580000,0x00000000d5780000)
  from space 512K, 37% used [0x00000000d5800000,0x00000000d5830000,0x00000000d5880000)
  to   space 512K, 0% used [0x00000000d5880000,0x00000000d5880000,0x00000000d5900000)
 ParOldGen       total 289280K, used 187261K [0x0000000080000000, 0x0000000091a80000, 0x00000000d5580000)
  object space 289280K, 64% used [0x0000000080000000,0x000000008b6df680,0x0000000091a80000)
 Metaspace       used 76580K, committed 78272K, reserved 1179648K
  class space    used 7717K, committed 8448K, reserved 1048576K
}
Event: 578.941 GC heap before
{Heap before GC invocations=1198 (full 4):
 PSYoungGen      total 2560K, used 2240K [0x00000000d5580000, 0x00000000d5900000, 0x0000000100000000)
  eden space 2048K, 100% used [0x00000000d5580000,0x00000000d5780000,0x00000000d5780000)
  from space 512K, 37% used [0x00000000d5800000,0x00000000d5830000,0x00000000d5880000)
  to   space 512K, 0% used [0x00000000d5880000,0x00000000d5880000,0x00000000d5900000)
 ParOldGen       total 289280K, used 187261K [0x0000000080000000, 0x0000000091a80000, 0x00000000d5580000)
  object space 289280K, 64% used [0x0000000080000000,0x000000008b6df680,0x0000000091a80000)
 Metaspace       used 76580K, committed 78272K, reserved 1179648K
  class space    used 7717K, committed 8448K, reserved 1048576K
}
Event: 578.942 GC heap after
{Heap after GC invocations=1198 (full 4):
 PSYoungGen      total 2560K, used 256K [0x00000000d5580000, 0x00000000d5900000, 0x0000000100000000)
  eden space 2048K, 0% used [0x00000000d5580000,0x00000000d5580000,0x00000000d5780000)
  from space 512K, 50% used [0x00000000d5880000,0x00000000d58c0000,0x00000000d5900000)
  to   space 512K, 0% used [0x00000000d5800000,0x00000000d5800000,0x00000000d5880000)
 ParOldGen       total 289280K, used 187301K [0x0000000080000000, 0x0000000091a80000, 0x00000000d5580000)
  object space 289280K, 64% used [0x0000000080000000,0x000000008b6e9680,0x0000000091a80000)
 Metaspace       used 76580K, committed 78272K, reserved 1179648K
  class space    used 7717K, committed 8448K, reserved 1048576K
}
Event: 578.949 GC heap before
{Heap before GC invocations=1199 (full 4):
 PSYoungGen      total 2560K, used 2304K [0x00000000d5580000, 0x00000000d5900000, 0x0000000100000000)
  eden space 2048K, 100% used [0x00000000d5580000,0x00000000d5780000,0x00000000d5780000)
  from space 512K, 50% used [0x00000000d5880000,0x00000000d58c0000,0x00000000d5900000)
  to   space 512K, 0% used [0x00000000d5800000,0x00000000d5800000,0x00000000d5880000)
 ParOldGen       total 289280K, used 187301K [0x0000000080000000, 0x0000000091a80000, 0x00000000d5580000)
  object space 289280K, 64% used [0x0000000080000000,0x000000008b6e9680,0x0000000091a80000)
 Metaspace       used 76580K, committed 78272K, reserved 1179648K
  class space    used 7717K, committed 8448K, reserved 1048576K
}
Event: 578.950 GC heap after
{Heap after GC invocations=1199 (full 4):
 PSYoungGen      total 2560K, used 224K [0x00000000d5580000, 0x00000000d5900000, 0x0000000100000000)
  eden space 2048K, 0% used [0x00000000d5580000,0x00000000d5580000,0x00000000d5780000)
  from space 512K, 43% used [0x00000000d5800000,0x00000000d5838000,0x00000000d5880000)
  to   space 512K, 0% used [0x00000000d5880000,0x00000000d5880000,0x00000000d5900000)
 ParOldGen       total 289280K, used 187341K [0x0000000080000000, 0x0000000091a80000, 0x00000000d5580000)
  object space 289280K, 64% used [0x0000000080000000,0x000000008b6f3680,0x0000000091a80000)
 Metaspace       used 76580K, committed 78272K, reserved 1179648K
  class space    used 7717K, committed 8448K, reserved 1048576K
}
Event: 578.956 GC heap before
{Heap before GC invocations=1200 (full 4):
 PSYoungGen      total 2560K, used 2272K [0x00000000d5580000, 0x00000000d5900000, 0x0000000100000000)
  eden space 2048K, 100% used [0x00000000d5580000,0x00000000d5780000,0x00000000d5780000)
  from space 512K, 43% used [0x00000000d5800000,0x00000000d5838000,0x00000000d5880000)
  to   space 512K, 0% used [0x00000000d5880000,0x00000000d5880000,0x00000000d5900000)
 ParOldGen       total 289280K, used 187341K [0x0000000080000000, 0x0000000091a80000, 0x00000000d5580000)
  object space 289280K, 64% used [0x0000000080000000,0x000000008b6f3680,0x0000000091a80000)
 Metaspace       used 76580K, committed 78272K, reserved 1179648K
  class space    used 7717K, committed 8448K, reserved 1048576K
}
Event: 578.957 GC heap after
{Heap after GC invocations=1200 (full 4):
 PSYoungGen      total 2560K, used 224K [0x00000000d5580000, 0x00000000d5900000, 0x0000000100000000)
  eden space 2048K, 0% used [0x00000000d5580000,0x00000000d5580000,0x00000000d5780000)
  from space 512K, 43% used [0x00000000d5880000,0x00000000d58b8000,0x00000000d5900000)
  to   space 512K, 0% used [0x00000000d5800000,0x00000000d5800000,0x00000000d5880000)
 ParOldGen       total 289280K, used 187381K [0x0000000080000000, 0x0000000091a80000, 0x00000000d5580000)
  object space 289280K, 64% used [0x0000000080000000,0x000000008b6fd680,0x0000000091a80000)
 Metaspace       used 76580K, committed 78272K, reserved 1179648K
  class space    used 7717K, committed 8448K, reserved 1048576K
}
Event: 578.964 GC heap before
{Heap before GC invocations=1201 (full 4):
 PSYoungGen      total 2560K, used 2272K [0x00000000d5580000, 0x00000000d5900000, 0x0000000100000000)
  eden space 2048K, 100% used [0x00000000d5580000,0x00000000d5780000,0x00000000d5780000)
  from space 512K, 43% used [0x00000000d5880000,0x00000000d58b8000,0x00000000d5900000)
  to   space 512K, 0% used [0x00000000d5800000,0x00000000d5800000,0x00000000d5880000)
 ParOldGen       total 289280K, used 187381K [0x0000000080000000, 0x0000000091a80000, 0x00000000d5580000)
  object space 289280K, 64% used [0x0000000080000000,0x000000008b6fd680,0x0000000091a80000)
 Metaspace       used 76580K, committed 78272K, reserved 1179648K
  class space    used 7717K, committed 8448K, reserved 1048576K
}
Event: 578.966 GC heap after
{Heap after GC invocations=1201 (full 4):
 PSYoungGen      total 2560K, used 192K [0x00000000d5580000, 0x00000000d5900000, 0x0000000100000000)
  eden space 2048K, 0% used [0x00000000d5580000,0x00000000d5580000,0x00000000d5780000)
  from space 512K, 37% used [0x00000000d5800000,0x00000000d5830000,0x00000000d5880000)
  to   space 512K, 0% used [0x00000000d5880000,0x00000000d5880000,0x00000000d5900000)
 ParOldGen       total 289280K, used 187421K [0x0000000080000000, 0x0000000091a80000, 0x00000000d5580000)
  object space 289280K, 64% used [0x0000000080000000,0x000000008b707680,0x0000000091a80000)
 Metaspace       used 76580K, committed 78272K, reserved 1179648K
  class space    used 7717K, committed 8448K, reserved 1048576K
}
Event: 578.973 GC heap before
{Heap before GC invocations=1202 (full 4):
 PSYoungGen      total 2560K, used 2240K [0x00000000d5580000, 0x00000000d5900000, 0x0000000100000000)
  eden space 2048K, 100% used [0x00000000d5580000,0x00000000d5780000,0x00000000d5780000)
  from space 512K, 37% used [0x00000000d5800000,0x00000000d5830000,0x00000000d5880000)
  to   space 512K, 0% used [0x00000000d5880000,0x00000000d5880000,0x00000000d5900000)
 ParOldGen       total 289280K, used 187421K [0x0000000080000000, 0x0000000091a80000, 0x00000000d5580000)
  object space 289280K, 64% used [0x0000000080000000,0x000000008b707680,0x0000000091a80000)
 Metaspace       used 76580K, committed 78272K, reserved 1179648K
  class space    used 7717K, committed 8448K, reserved 1048576K
}
Event: 578.974 GC heap after
{Heap after GC invocations=1202 (full 4):
 PSYoungGen      total 2560K, used 256K [0x00000000d5580000, 0x00000000d5900000, 0x0000000100000000)
  eden space 2048K, 0% used [0x00000000d5580000,0x00000000d5580000,0x00000000d5780000)
  from space 512K, 50% used [0x00000000d5880000,0x00000000d58c0000,0x00000000d5900000)
  to   space 512K, 0% used [0x00000000d5800000,0x00000000d5800000,0x00000000d5880000)
 ParOldGen       total 289280K, used 187461K [0x0000000080000000, 0x0000000091a80000, 0x00000000d5580000)
  object space 289280K, 64% used [0x0000000080000000,0x000000008b711680,0x0000000091a80000)
 Metaspace       used 76580K, committed 78272K, reserved 1179648K
  class space    used 7717K, committed 8448K, reserved 1048576K
}
Event: 578.982 GC heap before
{Heap before GC invocations=1203 (full 4):
 PSYoungGen      total 2560K, used 2304K [0x00000000d5580000, 0x00000000d5900000, 0x0000000100000000)
  eden space 2048K, 100% used [0x00000000d5580000,0x00000000d5780000,0x00000000d5780000)
  from space 512K, 50% used [0x00000000d5880000,0x00000000d58c0000,0x00000000d5900000)
  to   space 512K, 0% used [0x00000000d5800000,0x00000000d5800000,0x00000000d5880000)
 ParOldGen       total 289280K, used 187461K [0x0000000080000000, 0x0000000091a80000, 0x00000000d5580000)
  object space 289280K, 64% used [0x0000000080000000,0x000000008b711680,0x0000000091a80000)
 Metaspace       used 76580K, committed 78272K, reserved 1179648K
  class space    used 7717K, committed 8448K, reserved 1048576K
}
Event: 578.983 GC heap after
{Heap after GC invocations=1203 (full 4):
 PSYoungGen      total 2560K, used 224K [0x00000000d5580000, 0x00000000d5900000, 0x0000000100000000)
  eden space 2048K, 0% used [0x00000000d5580000,0x00000000d5580000,0x00000000d5780000)
  from space 512K, 43% used [0x00000000d5800000,0x00000000d5838000,0x00000000d5880000)
  to   space 512K, 0% used [0x00000000d5880000,0x00000000d5880000,0x00000000d5900000)
 ParOldGen       total 289280K, used 187493K [0x0000000080000000, 0x0000000091a80000, 0x00000000d5580000)
  object space 289280K, 64% used [0x0000000080000000,0x000000008b719680,0x0000000091a80000)
 Metaspace       used 76580K, committed 78272K, reserved 1179648K
  class space    used 7717K, committed 8448K, reserved 1048576K
}

Dll operation events (10 events):
Event: 0.015 Loaded shared library c:\Users\admin\.vscode\extensions\redhat.java-1.54.0-win32-x64\jre\21.0.10-win32-x86_64\bin\java.dll
Event: 0.121 Loaded shared library c:\Users\admin\.vscode\extensions\redhat.java-1.54.0-win32-x64\jre\21.0.10-win32-x86_64\bin\zip.dll
Event: 0.153 Loaded shared library C:\Users\admin\.vscode\extensions\redhat.java-1.54.0-win32-x64\jre\21.0.10-win32-x86_64\bin\instrument.dll
Event: 0.161 Loaded shared library C:\Users\admin\.vscode\extensions\redhat.java-1.54.0-win32-x64\jre\21.0.10-win32-x86_64\bin\net.dll
Event: 0.168 Loaded shared library C:\Users\admin\.vscode\extensions\redhat.java-1.54.0-win32-x64\jre\21.0.10-win32-x86_64\bin\nio.dll
Event: 0.175 Loaded shared library C:\Users\admin\.vscode\extensions\redhat.java-1.54.0-win32-x64\jre\21.0.10-win32-x86_64\bin\zip.dll
Event: 0.206 Loaded shared library C:\Users\admin\.vscode\extensions\redhat.java-1.54.0-win32-x64\jre\21.0.10-win32-x86_64\bin\jimage.dll
Event: 0.367 Loaded shared library c:\Users\admin\.vscode\extensions\redhat.java-1.54.0-win32-x64\jre\21.0.10-win32-x86_64\bin\verify.dll
Event: 2.125 Loaded shared library C:\Users\admin\AppData\Roaming\Code\User\globalStorage\redhat.java\1.54.0\config_win\org.eclipse.equinox.launcher\org.eclipse.equinox.launcher.win32.win32.x86_64_1.3.0.v20260203-2149\eclipse_11919.dll
Event: 7.277 Loaded shared library C:\Users\admin\AppData\Local\Temp\jna-92668751\jna3900103919409264867.dll

Deoptimization events (20 events):
Event: 578.359 Thread 0x000002684cc711a0 DEOPT PACKING pc=0x000002686fec96f8 sp=0x00000090259fd890
Event: 578.359 Thread 0x000002684cc711a0 DEOPT UNPACKING pc=0x0000026876504242 sp=0x00000090259fcd18 mode 0
Event: 578.480 Thread 0x000002684cc711a0 DEOPT PACKING pc=0x000002686f57c970 sp=0x00000090259fdae0
Event: 578.480 Thread 0x000002684cc711a0 DEOPT UNPACKING pc=0x0000026876504242 sp=0x00000090259fcfb8 mode 0
Event: 578.491 Thread 0x000002684cc711a0 Uncommon trap: trap_request=0xffffffc6 fr.pc=0x000002687774a964 relative=0x0000000000005104
Event: 578.491 Thread 0x000002684cc711a0 Uncommon trap: reason=bimorphic_or_optimized_type_check action=maybe_recompile pc=0x000002687774a964 method=org.eclipse.lsp4j.jsonrpc.json.adapters.CollectionTypeAdapter.write(Lcom/google/gson/stream/JsonWriter;Ljava/util/Collection;)V @ 111 c2
Event: 578.491 Thread 0x000002684cc711a0 DEOPT PACKING pc=0x000002687774a964 sp=0x00000090259fde90
Event: 578.492 Thread 0x000002684cc711a0 DEOPT UNPACKING pc=0x0000026876503aa2 sp=0x00000090259fdea0 mode 2
Event: 578.492 Thread 0x000002684cc711a0 Uncommon trap: trap_request=0xffffffc6 fr.pc=0x000002687774a964 relative=0x0000000000005104
Event: 578.492 Thread 0x000002684cc711a0 Uncommon trap: reason=bimorphic_or_optimized_type_check action=maybe_recompile pc=0x000002687774a964 method=org.eclipse.lsp4j.jsonrpc.json.adapters.CollectionTypeAdapter.write(Lcom/google/gson/stream/JsonWriter;Ljava/util/Collection;)V @ 111 c2
Event: 578.492 Thread 0x000002684cc711a0 DEOPT PACKING pc=0x000002687774a964 sp=0x00000090259fde90
Event: 578.492 Thread 0x000002684cc711a0 DEOPT UNPACKING pc=0x0000026876503aa2 sp=0x00000090259fdea0 mode 2
Event: 578.492 Thread 0x000002684cc711a0 Uncommon trap: trap_request=0xffffffc6 fr.pc=0x000002687774a964 relative=0x0000000000005104
Event: 578.492 Thread 0x000002684cc711a0 Uncommon trap: reason=bimorphic_or_optimized_type_check action=maybe_recompile pc=0x000002687774a964 method=org.eclipse.lsp4j.jsonrpc.json.adapters.CollectionTypeAdapter.write(Lcom/google/gson/stream/JsonWriter;Ljava/util/Collection;)V @ 111 c2
Event: 578.492 Thread 0x000002684cc711a0 DEOPT PACKING pc=0x000002687774a964 sp=0x00000090259fde90
Event: 578.492 Thread 0x000002684cc711a0 DEOPT UNPACKING pc=0x0000026876503aa2 sp=0x00000090259fdea0 mode 2
Event: 578.492 Thread 0x000002684cc711a0 Uncommon trap: trap_request=0xffffffc6 fr.pc=0x000002687774a964 relative=0x0000000000005104
Event: 578.492 Thread 0x000002684cc711a0 Uncommon trap: reason=bimorphic_or_optimized_type_check action=maybe_recompile pc=0x000002687774a964 method=org.eclipse.lsp4j.jsonrpc.json.adapters.CollectionTypeAdapter.write(Lcom/google/gson/stream/JsonWriter;Ljava/util/Collection;)V @ 111 c2
Event: 578.492 Thread 0x000002684cc711a0 DEOPT PACKING pc=0x000002687774a964 sp=0x00000090259fde90
Event: 578.492 Thread 0x000002684cc711a0 DEOPT UNPACKING pc=0x0000026876503aa2 sp=0x00000090259fdea0 mode 2

Classes loaded (20 events):
Event: 170.889 Loading class java/util/ArrayDeque$DeqSpliterator
Event: 170.889 Loading class java/util/ArrayDeque$DeqSpliterator done
Event: 170.907 Loading class sun/nio/ch/ChannelOutputStream
Event: 171.179 Loading class sun/nio/ch/ChannelOutputStream done
Event: 464.979 Loading class java/util/stream/Nodes$CollectorTask$OfRef
Event: 464.980 Loading class java/util/stream/Nodes$CollectorTask
Event: 464.980 Loading class java/util/stream/Nodes$CollectorTask done
Event: 464.980 Loading class java/util/stream/Nodes$CollectorTask$OfRef done
Event: 464.981 Loading class java/util/function/LongFunction
Event: 464.981 Loading class java/util/function/LongFunction done
Event: 464.981 Loading class java/util/stream/Nodes$ConcNode
Event: 464.981 Loading class java/util/stream/Nodes$AbstractConcNode
Event: 464.981 Loading class java/util/stream/Nodes$AbstractConcNode done
Event: 464.981 Loading class java/util/stream/Nodes$ConcNode done
Event: 464.997 Loading class java/io/ObjectOutputStream$BlockDataOutputStream
Event: 464.998 Loading class java/io/ObjectOutputStream$BlockDataOutputStream done
Event: 464.998 Loading class java/io/ObjectOutputStream$HandleTable
Event: 464.998 Loading class java/io/ObjectOutputStream$HandleTable done
Event: 464.998 Loading class java/io/ObjectOutputStream$ReplaceTable
Event: 464.999 Loading class java/io/ObjectOutputStream$ReplaceTable done

Classes unloaded (12 events):
Event: 8.927 Thread 0x000002686bcf1dc0 Unloading class 0x00000268051acc00 'java/lang/invoke/LambdaForm$MH+0x00000268051acc00'
Event: 8.927 Thread 0x000002686bcf1dc0 Unloading class 0x00000268051ac800 'java/lang/invoke/LambdaForm$MH+0x00000268051ac800'
Event: 8.927 Thread 0x000002686bcf1dc0 Unloading class 0x00000268051ac400 'java/lang/invoke/LambdaForm$MH+0x00000268051ac400'
Event: 8.927 Thread 0x000002686bcf1dc0 Unloading class 0x00000268051ac000 'java/lang/invoke/LambdaForm$MH+0x00000268051ac000'
Event: 8.927 Thread 0x000002686bcf1dc0 Unloading class 0x00000268051abc00 'java/lang/invoke/LambdaForm$BMH+0x00000268051abc00'
Event: 8.927 Thread 0x000002686bcf1dc0 Unloading class 0x00000268051ab800 'java/lang/invoke/LambdaForm$DMH+0x00000268051ab800'
Event: 8.927 Thread 0x000002686bcf1dc0 Unloading class 0x00000268051aa400 'java/lang/invoke/LambdaForm$DMH+0x00000268051aa400'
Event: 172.904 Thread 0x000002686bcf1dc0 Unloading class 0x0000026805723c00 'java/lang/invoke/LambdaForm$MH+0x0000026805723c00'
Event: 172.904 Thread 0x000002686bcf1dc0 Unloading class 0x0000026805723800 'java/lang/invoke/LambdaForm$MH+0x0000026805723800'
Event: 172.904 Thread 0x000002686bcf1dc0 Unloading class 0x0000026805722c00 'java/lang/invoke/LambdaForm$MH+0x0000026805722c00'
Event: 172.904 Thread 0x000002686bcf1dc0 Unloading class 0x0000026805722400 'java/lang/invoke/LambdaForm$MH+0x0000026805722400'
Event: 172.904 Thread 0x000002686bcf1dc0 Unloading class 0x0000026805722000 'java/lang/invoke/LambdaForm$DMH+0x0000026805722000'

Classes redefined (0 events):
No events

Internal exceptions (20 events):
Event: 164.919 Thread 0x000002684c8a4b30 Exception <a 'sun/nio/fs/WindowsException'{0x00000000d562c808}> (0x00000000d562c808) 
thrown [s\src\hotspot\share\prims\jni.cpp, line 520]
Event: 164.920 Thread 0x000002684c8a4b30 Exception <a 'sun/nio/fs/WindowsException'{0x00000000d562d358}> (0x00000000d562d358) 
thrown [s\src\hotspot\share\prims\jni.cpp, line 520]
Event: 165.140 Thread 0x000002684a29f7f0 Implicit null exception at 0x00000268772421e2 to 0x0000026877242618
Event: 165.254 Thread 0x000002684a29f7f0 Implicit null exception at 0x00000268774135d6 to 0x0000026877413c78
Event: 171.754 Thread 0x000002684a29ddb0 Exception <a 'java/lang/NoSuchMethodError'{0x00000000d55ec4b0}: 'java.lang.Object java.lang.invoke.DirectMethodHandle$Holder.newInvokeSpecial(java.lang.Object, java.lang.Object, int, java.lang.Object, java.lang.Object)'> (0x00000000d55ec4b0) 
thrown [s\src\hotspot\share\interpreter\linkResolver.cpp, line 773]
Event: 171.762 Thread 0x000002684a29ddb0 Exception <a 'java/lang/NoSuchMethodError'{0x00000000d560f318}: 'java.lang.Object java.lang.invoke.DirectMethodHandle$Holder.invokeSpecial(java.lang.Object, java.lang.Object, java.lang.Object, int, java.lang.Object, java.lang.Object, java.lang.Object)'> (0x00000000d560f318) 
thrown [s\src\hotspot\share\interpreter\linkResolver.cpp, line 773]
Event: 171.781 Thread 0x000002684a29ddb0 Implicit null exception at 0x0000026876bf2a06 to 0x0000026876bf2afc
Event: 171.801 Thread 0x000002684a29ddb0 Exception <a 'java/lang/NoSuchMethodError'{0x00000000d566ee10}: 'void java.lang.invoke.DirectMethodHandle$Holder.invokeStatic(java.lang.Object, int)'> (0x00000000d566ee10) 
thrown [s\src\hotspot\share\interpreter\linkResolver.cpp, line 773]
Event: 172.101 Thread 0x000002684a29ddb0 Exception <a 'java/io/FileNotFoundException'{0x00000000d55df1a8}> (0x00000000d55df1a8) 
thrown [s\src\hotspot\share\prims\jni.cpp, line 520]
Event: 172.101 Thread 0x000002684a29ddb0 Exception <a 'java/io/FileNotFoundException'{0x00000000d55e0440}> (0x00000000d55e0440) 
thrown [s\src\hotspot\share\prims\jni.cpp, line 520]
Event: 172.102 Thread 0x000002684a29ddb0 Exception <a 'java/io/FileNotFoundException'{0x00000000d55e3e10}> (0x00000000d55e3e10) 
thrown [s\src\hotspot\share\prims\jni.cpp, line 520]
Event: 172.725 Thread 0x000002684a29ddb0 Implicit null exception at 0x0000026876de4c0f to 0x0000026876de5830
Event: 173.341 Thread 0x000002684a29f7f0 Implicit null exception at 0x00000268774c665c to 0x00000268774c77f8
Event: 464.992 Thread 0x000002684cc711a0 Exception <a 'sun/nio/fs/WindowsException'{0x00000000d56b1110}> (0x00000000d56b1110) 
thrown [s\src\hotspot\share\prims\jni.cpp, line 520]
Event: 464.992 Thread 0x000002684cc711a0 Exception <a 'sun/nio/fs/WindowsException'{0x00000000d56b1c60}> (0x00000000d56b1c60) 
thrown [s\src\hotspot\share\prims\jni.cpp, line 520]
Event: 464.993 Thread 0x000002684cc711a0 Implicit null exception at 0x00000268773d8d8d to 0x00000268773d90a0
Event: 465.012 Thread 0x000002684cc711a0 Exception <a 'java/lang/NoSuchMethodError'{0x00000000d55c4c98}: static [J.<clinit>()V> (0x00000000d55c4c98) 
thrown [s\src\hotspot\share\prims\jni.cpp, line 1111]
Event: 465.022 Thread 0x000002684cc711a0 Exception <a 'java/lang/NoSuchMethodError'{0x00000000d55f9c80}: 'java.lang.Object java.lang.invoke.DirectMethodHandle$Holder.newInvokeSpecial(java.lang.Object, java.lang.Object, java.lang.Object, java.lang.Object, java.lang.Object, java.lang.Object, java.lang.Object, java.lang.Object)'> (0x00000000d55f9c80) 
thrown [s\src\hotspot\share\interpreter\linkResolver.cpp, line 773]
Event: 551.636 Thread 0x000002684c8a1d40 Exception <a 'java/lang/IncompatibleClassChangeError'{0x00000000d56a26f8}: Found class java.lang.Object, but interface was expected> (0x00000000d56a26f8) 
thrown [s\src\hotspot\share\interpreter\linkResolver.cpp, line 840]
Event: 551.650 Thread 0x000002684cc70b10 Exception <a 'java/lang/NoSuchMethodError'{0x00000000d559f720}: 'java.lang.Object java.lang.invoke.DirectMethodHandle$Holder.invokeSpecial(java.lang.Object, java.lang.Object, java.lang.Object, java.lang.Object, int, java.lang.Object, java.lang.Object)'> (0x00000000d559f720) 
thrown [s\src\hotspot\share\interpreter\linkResolver.cpp, line 773]

ZGC Phase Switch (0 events):
No events

VM Operations (20 events):
Event: 2946.182 Executing non-safepoint VM operation: RendezvousGCThreads
Event: 2946.182 Executing non-safepoint VM operation: RendezvousGCThreads done
Event: 3006.222 Executing non-safepoint VM operation: HandshakeAllThreads (HandshakeForDeflation)
Event: 3006.222 Executing non-safepoint VM operation: HandshakeAllThreads (HandshakeForDeflation) done
Event: 3006.222 Executing non-safepoint VM operation: RendezvousGCThreads
Event: 3006.222 Executing non-safepoint VM operation: RendezvousGCThreads done
Event: 3066.391 Executing non-safepoint VM operation: HandshakeAllThreads (HandshakeForDeflation)
Event: 3066.392 Executing non-safepoint VM operation: HandshakeAllThreads (HandshakeForDeflation) done
Event: 3066.392 Executing non-safepoint VM operation: RendezvousGCThreads
Event: 3066.392 Executing non-safepoint VM operation: RendezvousGCThreads done
Event: 3306.759 Executing non-safepoint VM operation: HandshakeAllThreads (HandshakeForDeflation)
Event: 3306.759 Executing non-safepoint VM operation: HandshakeAllThreads (HandshakeForDeflation) done
Event: 3306.759 Executing non-safepoint VM operation: RendezvousGCThreads
Event: 3306.759 Executing non-safepoint VM operation: RendezvousGCThreads done
Event: 3340.047 Executing safepoint VM operation: Cleanup
Event: 3340.047 Executing safepoint VM operation: Cleanup done
Event: 3427.108 Executing non-safepoint VM operation: HandshakeAllThreads (HandshakeForDeflation)
Event: 3427.108 Executing non-safepoint VM operation: HandshakeAllThreads (HandshakeForDeflation) done
Event: 3427.108 Executing non-safepoint VM operation: RendezvousGCThreads
Event: 3427.108 Executing non-safepoint VM operation: RendezvousGCThreads done

Memory protections (0 events):
No events

Nmethod flushes (20 events):
Event: 172.968 Thread 0x000002686bcf1dc0 flushing  nmethod 0x000002686ff5fc90
Event: 172.968 Thread 0x000002686bcf1dc0 flushing  nmethod 0x000002686ff62c10
Event: 172.968 Thread 0x000002686bcf1dc0 flushing  nmethod 0x000002686ff6ea10
Event: 172.968 Thread 0x000002686bcf1dc0 flushing  nmethod 0x000002686ffad390
Event: 172.968 Thread 0x000002686bcf1dc0 flushing  nmethod 0x000002686ffb4c10
Event: 172.968 Thread 0x000002686bcf1dc0 flushing  nmethod 0x000002686ffb5510
Event: 172.968 Thread 0x000002686bcf1dc0 flushing osr nmethod 0x000002686ffbdf90
Event: 172.968 Thread 0x000002686bcf1dc0 flushing osr nmethod 0x000002686ffcb410
Event: 172.968 Thread 0x000002686bcf1dc0 flushing osr nmethod 0x000002686ffe2a10
Event: 172.968 Thread 0x000002686bcf1dc0 flushing  nmethod 0x000002686ffea490
Event: 172.968 Thread 0x000002686bcf1dc0 flushing  nmethod 0x000002687000d690
Event: 172.968 Thread 0x000002686bcf1dc0 flushing  nmethod 0x000002687000e210
Event: 172.968 Thread 0x000002686bcf1dc0 flushing  nmethod 0x0000026870070090
Event: 172.968 Thread 0x000002686bcf1dc0 flushing  nmethod 0x0000026870070410
Event: 172.968 Thread 0x000002686bcf1dc0 flushing osr nmethod 0x0000026870079a10
Event: 172.968 Thread 0x000002686bcf1dc0 flushing  nmethod 0x0000026870098d10
Event: 172.968 Thread 0x000002686bcf1dc0 flushing  nmethod 0x00000268700b0c90
Event: 172.968 Thread 0x000002686bcf1dc0 flushing  nmethod 0x00000268700b2310
Event: 172.968 Thread 0x000002686bcf1dc0 flushing  nmethod 0x00000268700b3190
Event: 172.968 Thread 0x000002686bcf1dc0 flushing  nmethod 0x00000268700b3a10

Events (20 events):
Event: 552.247 Thread 0x000002684c6efb40 Thread exited: 0x000002684c6efb40
Event: 552.403 Thread 0x0000026849008070 Thread added: 0x000002684dadfbd0
Event: 552.403 Thread 0x0000026849008070 Thread added: 0x000002684dae02a0
Event: 552.600 Thread 0x000002684dae02a0 Thread exited: 0x000002684dae02a0
Event: 552.681 Thread 0x000002684dadfbd0 Thread added: 0x000002684dae1040
Event: 557.900 Thread 0x000002684dae1040 Thread exited: 0x000002684dae1040
Event: 557.963 Thread 0x000002684dadfbd0 Thread exited: 0x000002684dadfbd0
Event: 576.139 Thread 0x0000026849008070 Thread added: 0x000002684dadf500
Event: 576.377 Thread 0x000002686bcfff60 Thread added: 0x000002684dae24b0
Event: 577.052 Thread 0x000002684dae24b0 Thread exited: 0x000002684dae24b0
Event: 578.092 Thread 0x000002684dadf500 Thread exited: 0x000002684dadf500
Event: 578.113 Thread 0x000002686bcfff60 Thread added: 0x000002684dae0970
Event: 578.201 Thread 0x0000026849008070 Thread added: 0x000002684dae02a0
Event: 578.764 Thread 0x000002684dae02a0 Thread exited: 0x000002684dae02a0
Event: 578.764 Thread 0x000002684dae0970 Thread exited: 0x000002684dae0970
Event: 578.827 Thread 0x000002686bcfff60 Thread added: 0x000002684dae2b80
Event: 584.047 Thread 0x000002684dae2b80 Thread exited: 0x000002684dae2b80
Event: 638.995 Thread 0x000002684cc70b10 Thread exited: 0x000002684cc70b10
Event: 699.011 Thread 0x000002684dc28b60 Thread exited: 0x000002684dc28b60
Event: 759.011 Thread 0x000002684cc73f90 Thread exited: 0x000002684cc73f90


Dynamic libraries:
0x00007ff789c10000 - 0x00007ff789c1e000 	c:\Users\admin\.vscode\extensions\redhat.java-1.54.0-win32-x64\jre\21.0.10-win32-x86_64\bin\java.exe
0x00007ffa8d7e0000 - 0x00007ffa8da47000 	C:\WINDOWS\SYSTEM32\ntdll.dll
0x00007ffa8c8d0000 - 0x00007ffa8c999000 	C:\WINDOWS\System32\KERNEL32.DLL
0x00007ffa8ab80000 - 0x00007ffa8af77000 	C:\WINDOWS\System32\KERNELBASE.dll
0x00007ffa8b260000 - 0x00007ffa8b3ab000 	C:\WINDOWS\System32\ucrtbase.dll
0x00007ffa52690000 - 0x00007ffa526a8000 	c:\Users\admin\.vscode\extensions\redhat.java-1.54.0-win32-x64\jre\21.0.10-win32-x86_64\bin\jli.dll
0x00007ffa52670000 - 0x00007ffa5268e000 	c:\Users\admin\.vscode\extensions\redhat.java-1.54.0-win32-x64\jre\21.0.10-win32-x86_64\bin\VCRUNTIME140.dll
0x00007ffa77f50000 - 0x00007ffa781e2000 	C:\WINDOWS\WinSxS\amd64_microsoft.windows.common-controls_6595b64144ccf1df_6.0.26100.8328_none_3e08182ce334b678\COMCTL32.dll
0x00007ffa8c0b0000 - 0x00007ffa8c276000 	C:\WINDOWS\System32\USER32.dll
0x00007ffa8cb70000 - 0x00007ffa8cc19000 	C:\WINDOWS\System32\msvcrt.dll
0x00007ffa8b230000 - 0x00007ffa8b257000 	C:\WINDOWS\System32\win32u.dll
0x00007ffa8cb40000 - 0x00007ffa8cb6b000 	C:\WINDOWS\System32\GDI32.dll
0x00007ffa8aa50000 - 0x00007ffa8ab7c000 	C:\WINDOWS\System32\gdi32full.dll
0x00007ffa8b0c0000 - 0x00007ffa8b163000 	C:\WINDOWS\System32\msvcp_win.dll
0x00007ffa8c5c0000 - 0x00007ffa8c5f2000 	C:\WINDOWS\System32\IMM32.DLL
0x00007ffa85f50000 - 0x00007ffa85f5c000 	c:\Users\admin\.vscode\extensions\redhat.java-1.54.0-win32-x64\jre\21.0.10-win32-x86_64\bin\vcruntime140_1.dll
0x00007ffa38240000 - 0x00007ffa382cd000 	c:\Users\admin\.vscode\extensions\redhat.java-1.54.0-win32-x64\jre\21.0.10-win32-x86_64\bin\msvcp140.dll
0x00007ffa082d0000 - 0x00007ffa09071000 	c:\Users\admin\.vscode\extensions\redhat.java-1.54.0-win32-x64\jre\21.0.10-win32-x86_64\bin\server\jvm.dll
0x00007ffa8c600000 - 0x00007ffa8c6b6000 	C:\WINDOWS\System32\ADVAPI32.dll
0x00007ffa8ca10000 - 0x00007ffa8cab7000 	C:\WINDOWS\System32\sechost.dll
0x00007ffa8c6c0000 - 0x00007ffa8c7d8000 	C:\WINDOWS\System32\RPCRT4.dll
0x00007ffa8d540000 - 0x00007ffa8d5c0000 	C:\WINDOWS\System32\WS2_32.dll
0x00007ffa8a060000 - 0x00007ffa8a0be000 	C:\WINDOWS\SYSTEM32\POWRPROF.dll
0x00007ffa83320000 - 0x00007ffa83356000 	C:\WINDOWS\SYSTEM32\WINMM.dll
0x00007ffa83360000 - 0x00007ffa8336b000 	C:\WINDOWS\SYSTEM32\VERSION.dll
0x00007ffa8a040000 - 0x00007ffa8a054000 	C:\WINDOWS\SYSTEM32\UMPDC.dll
0x00007ffa88f50000 - 0x00007ffa88f6b000 	C:\WINDOWS\SYSTEM32\kernel.appcore.dll
0x00007ffa6ef50000 - 0x00007ffa6ef5a000 	c:\Users\admin\.vscode\extensions\redhat.java-1.54.0-win32-x64\jre\21.0.10-win32-x86_64\bin\jimage.dll
0x00007ffa7e0f0000 - 0x00007ffa7e332000 	C:\WINDOWS\SYSTEM32\DBGHELP.DLL
0x00007ffa8d0b0000 - 0x00007ffa8d433000 	C:\WINDOWS\System32\combase.dll
0x00007ffa8bfd0000 - 0x00007ffa8c0a9000 	C:\WINDOWS\System32\OLEAUT32.dll
0x00007ffa774a0000 - 0x00007ffa774db000 	C:\WINDOWS\SYSTEM32\dbgcore.DLL
0x00007ffa8af80000 - 0x00007ffa8b028000 	C:\WINDOWS\System32\bcryptPrimitives.dll
0x00007ffa52660000 - 0x00007ffa5266f000 	c:\Users\admin\.vscode\extensions\redhat.java-1.54.0-win32-x64\jre\21.0.10-win32-x86_64\bin\instrument.dll
0x00007ffa52640000 - 0x00007ffa52660000 	c:\Users\admin\.vscode\extensions\redhat.java-1.54.0-win32-x64\jre\21.0.10-win32-x86_64\bin\java.dll
0x00007ffa8b840000 - 0x00007ffa8bfae000 	C:\WINDOWS\System32\SHELL32.dll
0x00007ffa8a1e0000 - 0x00007ffa8aa4c000 	C:\WINDOWS\System32\windows.storage.dll
0x00007ffa8b560000 - 0x00007ffa8b656000 	C:\WINDOWS\System32\SHCORE.dll
0x00007ffa8c9a0000 - 0x00007ffa8ca06000 	C:\WINDOWS\System32\shlwapi.dll
0x00007ffa8a100000 - 0x00007ffa8a129000 	C:\WINDOWS\SYSTEM32\profapi.dll
0x00007ffa38220000 - 0x00007ffa38238000 	c:\Users\admin\.vscode\extensions\redhat.java-1.54.0-win32-x64\jre\21.0.10-win32-x86_64\bin\zip.dll
0x00007ffa4e040000 - 0x00007ffa4e050000 	C:\Users\admin\.vscode\extensions\redhat.java-1.54.0-win32-x64\jre\21.0.10-win32-x86_64\bin\net.dll
0x00007ffa80550000 - 0x00007ffa80679000 	C:\WINDOWS\SYSTEM32\WINHTTP.dll
0x00007ffa894e0000 - 0x00007ffa8954c000 	C:\WINDOWS\system32\mswsock.dll
0x00007ffa38200000 - 0x00007ffa38216000 	C:\Users\admin\.vscode\extensions\redhat.java-1.54.0-win32-x64\jre\21.0.10-win32-x86_64\bin\nio.dll
0x00007ffa4cb20000 - 0x00007ffa4cb30000 	c:\Users\admin\.vscode\extensions\redhat.java-1.54.0-win32-x64\jre\21.0.10-win32-x86_64\bin\verify.dll
0x00007ffa7f2c0000 - 0x00007ffa7f305000 	C:\Users\admin\AppData\Roaming\Code\User\globalStorage\redhat.java\1.54.0\config_win\org.eclipse.equinox.launcher\org.eclipse.equinox.launcher.win32.win32.x86_64_1.3.0.v20260203-2149\eclipse_11919.dll
0x00007ffa8d5d0000 - 0x00007ffa8d767000 	C:\WINDOWS\System32\ole32.dll
0x00007ffa897c0000 - 0x00007ffa897db000 	C:\WINDOWS\SYSTEM32\CRYPTSP.dll
0x00007ffa88eb0000 - 0x00007ffa88ee9000 	C:\WINDOWS\system32\rsaenh.dll
0x00007ffa89590000 - 0x00007ffa895c3000 	C:\WINDOWS\SYSTEM32\USERENV.dll
0x00007ffa8a0d0000 - 0x00007ffa8a0fa000 	C:\WINDOWS\SYSTEM32\bcrypt.dll
0x00007ffa897e0000 - 0x00007ffa897ec000 	C:\WINDOWS\SYSTEM32\CRYPTBASE.dll
0x00007ffa88930000 - 0x00007ffa88962000 	C:\WINDOWS\SYSTEM32\IPHLPAPI.DLL
0x00007ffa8c7e0000 - 0x00007ffa8c7ea000 	C:\WINDOWS\System32\NSI.dll
0x00007ffa66b10000 - 0x00007ffa66b59000 	C:\Users\admin\AppData\Local\Temp\jna-92668751\jna3900103919409264867.dll
0x00007ffa8d4a0000 - 0x00007ffa8d4a8000 	C:\WINDOWS\System32\PSAPI.DLL
0x00007ffa808b0000 - 0x00007ffa808cd000 	C:\WINDOWS\SYSTEM32\dhcpcsvc6.DLL
0x00007ffa80880000 - 0x00007ffa808a5000 	C:\WINDOWS\SYSTEM32\dhcpcsvc.DLL

JVMTI agents:
c:\Users\admin\.vscode\extensions\redhat.java-1.54.0-win32-x64\lombok\lombok-1.18.39-4050.jar path:c:\Users\admin\.vscode\extensions\redhat.java-1.54.0-win32-x64\jre\21.0.10-win32-x86_64\bin\instrument.dll, loaded, initialized, instrumentlib options:none

dbghelp: loaded successfully - version: 4.0.5 - missing functions: none
symbol engine: initialized successfully - sym options: 0x614 - pdb path: .;c:\Users\admin\.vscode\extensions\redhat.java-1.54.0-win32-x64\jre\21.0.10-win32-x86_64\bin;C:\WINDOWS\SYSTEM32;C:\WINDOWS\WinSxS\amd64_microsoft.windows.common-controls_6595b64144ccf1df_6.0.26100.8328_none_3e08182ce334b678;c:\Users\admin\.vscode\extensions\redhat.java-1.54.0-win32-x64\jre\21.0.10-win32-x86_64\bin\server;C:\Users\admin\AppData\Roaming\Code\User\globalStorage\redhat.java\1.54.0\config_win\org.eclipse.equinox.launcher\org.eclipse.equinox.launcher.win32.win32.x86_64_1.3.0.v20260203-2149;C:\Users\admin\AppData\Local\Temp\jna-92668751

VM Arguments:
jvm_args: --add-modules=ALL-SYSTEM --add-opens=java.base/java.util=ALL-UNNAMED --add-opens=java.base/java.lang=ALL-UNNAMED --add-opens=java.base/sun.nio.fs=ALL-UNNAMED -Declipse.application=org.eclipse.jdt.ls.core.id1 -Dosgi.bundles.defaultStartLevel=4 -Declipse.product=org.eclipse.jdt.ls.core.product -Djava.import.generatesMetadataFilesAtProjectRoot=false -DDetectVMInstallationsJob.disabled=true -Dfile.encoding=utf8 -XX:+UseParallelGC -XX:GCTimeRatio=4 -XX:AdaptiveSizePolicyWeight=90 -Dsun.zip.disableMemoryMapping=true -Xmx2G -Xms100m -Xlog:disable -javaagent:c:\Users\admin\.vscode\extensions\redhat.java-1.54.0-win32-x64\lombok\lombok-1.18.39-4050.jar -XX:+HeapDumpOnOutOfMemoryError -XX:HeapDumpPath=c:\Users\admin\AppData\Roaming\Code\User\workspaceStorage\a2da959bb8f62bc02fbd63bbe303bc2e\redhat.java -Daether.dependencyCollector.impl=bf 
java_command: c:\Users\admin\.vscode\extensions\redhat.java-1.54.0-win32-x64\server\plugins\org.eclipse.equinox.launcher_1.7.100.v20251111-0406.jar -configuration c:\Users\admin\AppData\Roaming\Code\User\globalStorage\redhat.java\1.54.0\config_win -data c:\Users\admin\AppData\Roaming\Code\User\workspaceStorage\a2da959bb8f62bc02fbd63bbe303bc2e\redhat.java\jdt_ws --pipe=\\.\pipe\lsp-4412525fdc6e24bf378ebc06986b785d-sock
java_class_path (initial): c:\Users\admin\.vscode\extensions\redhat.java-1.54.0-win32-x64\server\plugins\org.eclipse.equinox.launcher_1.7.100.v20251111-0406.jar
Launcher Type: SUN_STANDARD

[Global flags]
    uintx AdaptiveSizePolicyWeight                 = 90                                        {product} {command line}
     intx CICompilerCount                          = 4                                         {product} {ergonomic}
    uintx GCTimeRatio                              = 4                                         {product} {command line}
     bool HeapDumpOnOutOfMemoryError               = true                                   {manageable} {command line}
    ccstr HeapDumpPath                             = c:\Users\admin\AppData\Roaming\Code\User\workspaceStorage\a2da959bb8f62bc02fbd63bbe303bc2e\redhat.java         {manageable} {command line}
   size_t InitialHeapSize                          = 104857600                                 {product} {command line}
   size_t MaxHeapSize                              = 2147483648                                {product} {command line}
   size_t MaxNewSize                               = 715653120                                 {product} {ergonomic}
   size_t MinHeapDeltaBytes                        = 524288                                    {product} {ergonomic}
   size_t MinHeapSize                              = 104857600                                 {product} {command line}
   size_t NewSize                                  = 34603008                                  {product} {ergonomic}
    uintx NonNMethodCodeHeapSize                   = 5839372                                {pd product} {ergonomic}
    uintx NonProfiledCodeHeapSize                  = 122909434                              {pd product} {ergonomic}
   size_t OldSize                                  = 70254592                                  {product} {ergonomic}
    uintx ProfiledCodeHeapSize                     = 122909434                              {pd product} {ergonomic}
    uintx ReservedCodeCacheSize                    = 251658240                              {pd product} {ergonomic}
     bool SegmentedCodeCache                       = true                                      {product} {ergonomic}
   size_t SoftMaxHeapSize                          = 2147483648                             {manageable} {ergonomic}
     bool UseCompressedOops                        = true                           {product lp64_product} {ergonomic}
     bool UseLargePagesIndividualAllocation        = false                                  {pd product} {ergonomic}
     bool UseParallelGC                            = true                                      {product} {command line}

Logging:
Log output configuration:
 #0: stdout all=off uptime,level,tags foldmultilines=false
 #1: stderr all=off uptime,level,tags foldmultilines=false

Release file:
JAVA_VERSION="21.0.10" 
MODULES="java.base java.compiler java.datatransfer java.xml java.prefs java.desktop java.instrument java.logging java.management java.security.sasl java.naming java.rmi java.management.rmi java.net.http java.scripting java.security.jgss java.transaction.xa java.sql java.sql.rowset java.xml.crypto java.se java.smartcardio jdk.accessibility jdk.internal.jvmstat jdk.attach jdk.charsets jdk.internal.opt jdk.zipfs jdk.compiler jdk.crypto.ec jdk.crypto.cryptoki jdk.crypto.mscapi jdk.dynalink jdk.internal.ed jdk.editpad jdk.hotspot.agent jdk.httpserver jdk.internal.le jdk.internal.vm.ci jdk.internal.vm.compiler jdk.internal.vm.compiler.management jdk.jartool jdk.javadoc jdk.jcmd jdk.management jdk.management.agent jdk.jconsole jdk.jdeps jdk.jdwp.agent jdk.jdi jdk.jfr jdk.jshell jdk.jsobject jdk.jstatd jdk.localedata jdk.management.jfr jdk.naming.dns jdk.naming.rmi jdk.net jdk.nio.mapmode jdk.random jdk.sctp jdk.security.auth jdk.security.jgss jdk.unsupported jdk.unsupported.desktop jdk.xml.dom" 

Environment Variables:
PATH=C:\Users\admin\AppData\Local\Programs\Microsoft VS Code;C:\Program Files (x86)\VMware\VMware Workstation\bin\;C:\Windows\system32;C:\Windows;C:\Windows\System32\Wbem;C:\Windows\System32\WindowsPowerShell\v1.0\;C:\Windows\System32\OpenSSH\;C:\Program Files (x86)\NVIDIA Corporation\PhysX\Common;C:\WINDOWS\system32;C:\WINDOWS;C:\WINDOWS\System32\Wbem;C:\WINDOWS\System32\WindowsPowerShell\v1.0\;C:\WINDOWS\System32\OpenSSH\;E:\App\;C:\Program Files\Java\jdk-22\bin;C:\Program Files (x86)\Microsoft SQL Server\160\Tools\Binn\;C:\Program Files\Microsoft SQL Server\160\Tools\Binn\;C:\Program Files\Microsoft SQL Server\Client SDK\ODBC\170\Tools\Binn\;C:\Program Files\Microsoft SQL Server\160\DTS\Binn\;C:\Program Files\MongoDB\Server\6.0\bin;C:\Program Files\MongoDB\Tools\100\bin;C:\Users\admin\AppData\Local\Programs\mongosh;C:\Program Files\NVIDIA Corporation\NVIDIA app\NvDLISR;C:\Program Files (x86)\Microsoft SQL Server\160\DTS\Binn\;C:\node-v24.12.0-win-x64\node-v24.12.0-win-x64;C:\Program Files\Common Files\Oracle\Java\javapath;C:\Program Files\Git\cmd;C:\Program Files\Java\jdk-22\bin;C:\Users\admin\AppData\Local\Programs\Python\Python313\Scripts\;C:\Users\admin\AppData\Local\Programs\Python\Python313\;C:\Users\admin\Dropbox\Scripts\;C:\Users\admin\Dropbox\;C:\Users\admin\AppData\Local\Microsoft\WindowsApps;C:\Users\admin\AppData\Roaming\npm;C:\Users\admin\AppData\Local\Programs\Microsoft VS Code\bin;C:\Users\admin\AppData\Local\Programs\mongosh\;C:\Program Files\JetBrains\PyCharm 2024.3.5\bin;;C:\Users\admin\AppData\Local\GitHubDesktop\bin;C:\node-v24.12.0-win-x64\node-v24.12.0-win-x64;C:\Users\admin\AppData\Local\Programs\Antigravity\bin
USERNAME=admin
OS=Windows_NT
PROCESSOR_IDENTIFIER=AMD64 Family 23 Model 24 Stepping 1, AuthenticAMD
TMP=C:\Users\admin\AppData\Local\Temp
TEMP=C:\Users\admin\AppData\Local\Temp




Periodic native trim disabled

---------------  S Y S T E M  ---------------

OS:
 Windows 11 , 64 bit Build 26100 (10.0.26100.8328)
OS uptime: 0 days 1:00 hours
Hyper-V role detected

CPU: total 8 (initial active 8) (8 cores per cpu, 2 threads per core) family 23 model 24 stepping 1 microcode 0x8108109, cx8, cmov, fxsr, ht, mmx, 3dnowpref, sse, sse2, sse3, ssse3, sse4a, sse4.1, sse4.2, popcnt, lzcnt, tsc, tscinvbit, avx, avx2, aes, clmul, bmi1, bmi2, adx, sha, fma, vzeroupper, clflush, clflushopt, hv, rdtscp, f16c
Processor Information for the first 8 processors :
  Max Mhz: 2300, Current Mhz: 2300, Mhz Limit: 2300

Memory: 4k page, system-wide physical 14274M (2180M free)
TotalPageFile size 22466M (AvailPageFile size 0M)
current process WorkingSet (physical memory assigned to process): 28M, peak: 563M
current process commit charge ("private bytes"): 629M, peak: 632M

vm_info: OpenJDK 64-Bit Server VM (21.0.10+7-LTS) for windows-amd64 JRE (21.0.10+7-LTS), built on 2026-01-20T00:00:00Z by "admin" with MS VC++ 17.12 (VS2022)

END.
