#
# There is insufficient memory for the Java Runtime Environment to continue.
# Native memory allocation (mmap) failed to map 234881024 bytes. Error detail: G1 virtual space
# Possible reasons:
#   The system is out of physical RAM or swap space
#   This process is running with CompressedOops enabled, and the Java Heap may be blocking the growth of the native heap
# Possible solutions:
#   Reduce memory load on the system
#   Increase physical memory or swap space
#   Check if swap backing store is full
#   Decrease Java heap size (-Xmx/-Xms)
#   Decrease number of Java threads
#   Decrease Java thread stack sizes (-Xss)
#   Set larger code cache with -XX:ReservedCodeCacheSize=
#   JVM is running with Zero Based Compressed Oops mode in which the Java heap is
#     placed in the first 32GB address space. The Java Heap base address is the
#     maximum limit for the native heap growth. Please use -XX:HeapBaseMinAddress
#     to set the Java Heap base and to place the Java Heap above 32GB virtual address.
# This output file may be truncated or incomplete.
#
#  Out of Memory Error (os_windows.cpp:3631), pid=19740, tid=19096
#
# JRE version:  (22.0.2+9) (build )
# Java VM: OpenJDK 64-Bit Server VM (22.0.2+9-70, mixed mode, sharing, tiered, compressed oops, compressed class ptrs, g1 gc, windows-amd64)
# No core dump will be written. Minidumps are not enabled by default on client versions of Windows
#

---------------  S U M M A R Y ------------

Command Line: -javaagent:C:\Users\admin\AppData\Local\Programs\IntelliJ IDEA 2025.3.4\lib\idea_rt.jar=63022 -Dfile.encoding=UTF-8 -Dsun.stdout.encoding=UTF-8 -Dsun.stderr.encoding=UTF-8 client.ClientApp

Host: AMD Ryzen 7 3750H with Radeon Vega Mobile Gfx  , 8 cores, 13G,  Windows 11 , 64 bit Build 26100 (10.0.26100.8328)
Time: Tue May  5 08:07:15 2026 SE Asia Standard Time elapsed time: 1.577901 seconds (0d 0h 0m 1s)

---------------  T H R E A D  ---------------

Current thread (0x00000150ba343fc0):  JavaThread "Unknown thread" [_thread_in_vm, id=19096, stack(0x0000002155700000,0x0000002155800000) (1024K)]

Stack: [0x0000002155700000,0x0000002155800000]
Native frames: (J=compiled Java code, j=interpreted, Vv=VM code, C=native code)
V  [jvm.dll+0x6e26e9]  (no source info available)
V  [jvm.dll+0x875753]  (no source info available)
V  [jvm.dll+0x877b7e]  (no source info available)
V  [jvm.dll+0x878253]  (no source info available)
V  [jvm.dll+0x27fc86]  (no source info available)
V  [jvm.dll+0x6ded85]  (no source info available)
V  [jvm.dll+0x6d388a]  (no source info available)
V  [jvm.dll+0x358b8a]  (no source info available)
V  [jvm.dll+0x3610b6]  (no source info available)
V  [jvm.dll+0x3b419e]  (no source info available)
V  [jvm.dll+0x3b4448]  (no source info available)
V  [jvm.dll+0x32c5ec]  (no source info available)
V  [jvm.dll+0x32d258]  (no source info available)
V  [jvm.dll+0x83d5ac]  (no source info available)
V  [jvm.dll+0x3c10d1]  (no source info available)
V  [jvm.dll+0x8264cc]  (no source info available)
V  [jvm.dll+0x45bd5e]  (no source info available)
V  [jvm.dll+0x45dbe1]  (no source info available)
C  [jli.dll+0x52a3]  (no source info available)
C  [ucrtbase.dll+0x37b0]  (no source info available)
C  [KERNEL32.DLL+0x2e957]  (no source info available)
C  [ntdll.dll+0x427c]  (no source info available)


---------------  P R O C E S S  ---------------

Threads class SMR info:
_java_thread_list=0x00007ff9a079c1c8, length=0, elements={
}

Java Threads: ( => current thread )
Total: 0

Other Threads:
  0x00000150ba3a2b50 WorkerThread "GC Thread#0"                     [id=15380, stack(0x0000002155800000,0x0000002155900000) (1024K)]
  0x00000150ba3b1a50 ConcurrentGCThread "G1 Main Marker"            [id=22516, stack(0x0000002155900000,0x0000002155a00000) (1024K)]
  0x00000150ba3b3480 WorkerThread "G1 Conc#0"                       [id=20772, stack(0x0000002155a00000,0x0000002155b00000) (1024K)]

[error occurred during error reporting (printing all threads), id 0xc0000005, EXCEPTION_ACCESS_VIOLATION (0xc0000005) at pc=0x00007ff99feef517]
VM state: not at safepoint (not fully initialized)

VM Mutex/Monitor currently owned by a thread:  ([mutex/lock_event])
[0x00007ff9a081cc80] Heap_lock - owner thread: 0x00000150ba343fc0

Heap address: 0x0000000720e00000, size: 3570 MB, Compressed Oops mode: Zero based, Oop shift amount: 3

CDS archive(s) mapped at: [0x0000000000000000-0x0000000000000000-0x0000000000000000), size 0, SharedBaseAddress: 0x0000000800000000, ArchiveRelocationMode: 1.
Narrow klass base: 0x0000000000000000, Narrow klass shift: 0, Narrow klass range: 0x0

GC Precious Log:
 CardTable entry size: 512
 Card Set container configuration: InlinePtr #cards 4 size 8 Array Of Cards #cards 16 size 48 Howl #buckets 8 coarsen threshold 3686 Howl Bitmap #cards 512 size 80 coarsen threshold 460 Card regions per heap region 1 cards per card region 4096

Heap:
 garbage-first heap   total reserved 3655680K, committed 0K, used 0K [0x0000000720e00000, 0x0000000800000000)
  region size 2048K, 0 young (0K), 0 survivors (0K)

[error occurred during error reporting (printing heap information), id 0xc0000005, EXCEPTION_ACCESS_VIOLATION (0xc0000005) at pc=0x00007ff9a02ee869]
GC Heap History (0 events):
No events

Dll operation events (1 events):
Event: 0.023 Loaded shared library C:\Users\admin\.jdks\openjdk-22.0.2\bin\java.dll

Deoptimization events (0 events):
No events

Classes loaded (0 events):
No events

Classes unloaded (0 events):
No events

Classes redefined (0 events):
No events

Internal exceptions (0 events):
No events

ZGC Phase Switch (0 events):
No events

VM Operations (0 events):
No events

Memory protections (0 events):
No events

Nmethod flushes (0 events):
No events

Events (0 events):
No events


Dynamic libraries:
0x00007ff7bf0e0000 - 0x00007ff7bf0ee000 	C:\Users\admin\.jdks\openjdk-22.0.2\bin\java.exe
0x00007ffa8d7e0000 - 0x00007ffa8da47000 	C:\WINDOWS\SYSTEM32\ntdll.dll
0x00007ffa8c8d0000 - 0x00007ffa8c999000 	C:\WINDOWS\System32\KERNEL32.DLL
0x00007ffa8ab80000 - 0x00007ffa8af77000 	C:\WINDOWS\System32\KERNELBASE.dll
0x00007ffa8b260000 - 0x00007ffa8b3ab000 	C:\WINDOWS\System32\ucrtbase.dll
0x00007ffa79690000 - 0x00007ffa796ab000 	C:\Users\admin\.jdks\openjdk-22.0.2\bin\VCRUNTIME140.dll
0x00007ffa74b10000 - 0x00007ffa74b27000 	C:\Users\admin\.jdks\openjdk-22.0.2\bin\jli.dll
0x00007ffa8c0b0000 - 0x00007ffa8c276000 	C:\WINDOWS\System32\USER32.dll
0x00007ffa77f50000 - 0x00007ffa781e2000 	C:\WINDOWS\WinSxS\amd64_microsoft.windows.common-controls_6595b64144ccf1df_6.0.26100.8328_none_3e08182ce334b678\COMCTL32.dll
0x00007ffa8b230000 - 0x00007ffa8b257000 	C:\WINDOWS\System32\win32u.dll
0x00007ffa8cb70000 - 0x00007ffa8cc19000 	C:\WINDOWS\System32\msvcrt.dll
0x00007ffa8cb40000 - 0x00007ffa8cb6b000 	C:\WINDOWS\System32\GDI32.dll
0x00007ffa8aa50000 - 0x00007ffa8ab7c000 	C:\WINDOWS\System32\gdi32full.dll
0x00007ffa8b0c0000 - 0x00007ffa8b163000 	C:\WINDOWS\System32\msvcp_win.dll
0x00007ffa8c5c0000 - 0x00007ffa8c5f2000 	C:\WINDOWS\System32\IMM32.DLL
0x00007ffa859c0000 - 0x00007ffa859cc000 	C:\Users\admin\.jdks\openjdk-22.0.2\bin\vcruntime140_1.dll
0x00007ffa509c0000 - 0x00007ffa50a4e000 	C:\Users\admin\.jdks\openjdk-22.0.2\bin\msvcp140.dll
0x00007ff99fbb0000 - 0x00007ff9a08f9000 	C:\Users\admin\.jdks\openjdk-22.0.2\bin\server\jvm.dll
0x00007ffa8c600000 - 0x00007ffa8c6b6000 	C:\WINDOWS\System32\ADVAPI32.dll
0x00007ffa8ca10000 - 0x00007ffa8cab7000 	C:\WINDOWS\System32\sechost.dll
0x00007ffa8c6c0000 - 0x00007ffa8c7d8000 	C:\WINDOWS\System32\RPCRT4.dll
0x00007ffa8d540000 - 0x00007ffa8d5c0000 	C:\WINDOWS\System32\WS2_32.dll
0x00007ffa83320000 - 0x00007ffa83356000 	C:\WINDOWS\SYSTEM32\WINMM.dll
0x00007ffa83360000 - 0x00007ffa8336b000 	C:\WINDOWS\SYSTEM32\VERSION.dll
0x00007ffa8a060000 - 0x00007ffa8a0be000 	C:\WINDOWS\SYSTEM32\POWRPROF.dll
0x00007ffa8a040000 - 0x00007ffa8a054000 	C:\WINDOWS\SYSTEM32\UMPDC.dll
0x00007ffa88f50000 - 0x00007ffa88f6b000 	C:\WINDOWS\SYSTEM32\kernel.appcore.dll
0x00007ffa79730000 - 0x00007ffa7973a000 	C:\Users\admin\.jdks\openjdk-22.0.2\bin\jimage.dll
0x00007ffa7e0f0000 - 0x00007ffa7e332000 	C:\WINDOWS\SYSTEM32\DBGHELP.DLL
0x00007ffa8d0b0000 - 0x00007ffa8d433000 	C:\WINDOWS\System32\combase.dll
0x00007ffa8bfd0000 - 0x00007ffa8c0a9000 	C:\WINDOWS\System32\OLEAUT32.dll
0x00007ffa774a0000 - 0x00007ffa774db000 	C:\WINDOWS\SYSTEM32\dbgcore.DLL
0x00007ffa8af80000 - 0x00007ffa8b028000 	C:\WINDOWS\System32\bcryptPrimitives.dll
0x00007ffa74b70000 - 0x00007ffa74b7f000 	C:\Users\admin\.jdks\openjdk-22.0.2\bin\instrument.dll
0x00007ffa74af0000 - 0x00007ffa74b0e000 	C:\Users\admin\.jdks\openjdk-22.0.2\bin\java.dll
0x00007ffa8b840000 - 0x00007ffa8bfae000 	C:\WINDOWS\System32\SHELL32.dll
0x00007ffa8d5d0000 - 0x00007ffa8d767000 	C:\WINDOWS\System32\ole32.dll

dbghelp: loaded successfully - version: 4.0.5 - missing functions: none
symbol engine: initialized successfully - sym options: 0x614 - pdb path: .;C:\Users\admin\.jdks\openjdk-22.0.2\bin;C:\WINDOWS\SYSTEM32;C:\WINDOWS\WinSxS\amd64_microsoft.windows.common-controls_6595b64144ccf1df_6.0.26100.8328_none_3e08182ce334b678;C:\Users\admin\.jdks\openjdk-22.0.2\bin\server

VM Arguments:
jvm_args: -javaagent:C:\Users\admin\AppData\Local\Programs\IntelliJ IDEA 2025.3.4\lib\idea_rt.jar=63022 -Dfile.encoding=UTF-8 -Dsun.stdout.encoding=UTF-8 -Dsun.stderr.encoding=UTF-8 
java_command: client.ClientApp
java_class_path (initial): D:\IUH\2026-2027\HocKy_2\Lap_Trinh_Phan_Tan\Project_LapTrinhPhanTan\HeThongDuocAnKhang\target\classes;C:\Users\admin\.m2\repository\org\hibernate\orm\hibernate-core\7.0.4.Final\hibernate-core-7.0.4.Final.jar;C:\Users\admin\.m2\repository\jakarta\persistence\jakarta.persistence-api\3.2.0\jakarta.persistence-api-3.2.0.jar;C:\Users\admin\.m2\repository\jakarta\transaction\jakarta.transaction-api\2.0.1\jakarta.transaction-api-2.0.1.jar;C:\Users\admin\.m2\repository\org\jboss\logging\jboss-logging\3.6.1.Final\jboss-logging-3.6.1.Final.jar;C:\Users\admin\.m2\repository\org\hibernate\models\hibernate-models\1.0.0\hibernate-models-1.0.0.jar;C:\Users\admin\.m2\repository\com\fasterxml\classmate\1.7.0\classmate-1.7.0.jar;C:\Users\admin\.m2\repository\net\bytebuddy\byte-buddy\1.17.5\byte-buddy-1.17.5.jar;C:\Users\admin\.m2\repository\jakarta\xml\bind\jakarta.xml.bind-api\4.0.2\jakarta.xml.bind-api-4.0.2.jar;C:\Users\admin\.m2\repository\jakarta\activation\jakarta.activation-api\2.1.3\jakarta.activation-api-2.1.3.jar;C:\Users\admin\.m2\repository\jakarta\inject\jakarta.inject-api\2.0.1\jakarta.inject-api-2.0.1.jar;C:\Users\admin\.m2\repository\org\antlr\antlr4-runtime\4.13.2\antlr4-runtime-4.13.2.jar;C:\Users\admin\.m2\repository\org\glassfish\jaxb\jaxb-runtime\4.0.5\jaxb-runtime-4.0.5.jar;C:\Users\admin\.m2\repository\org\glassfish\jaxb\jaxb-core\4.0.5\jaxb-core-4.0.5.jar;C:\Users\admin\.m2\repository\org\eclipse\angus\angus-activation\2.0.2\angus-activation-2.0.2.jar;C:\Users\admin\.m2\repository\org\glassfish\jaxb\txw2\4.0.5\txw2-4.0.5.jar;C:\Users\admin\.m2\repository\com\sun\istack\istack-commons-runtime\4.1.2\istack-commons-runtime-4.1.2.jar;C:\Users\admin\.m2\repository\org\mariadb\jdbc\mariadb-java-client\3.5.8\mariadb-java-client-3.5.8.jar;C:\Users\admin\.m2\repository\org\projectlombok\lombok\1.18.44\lombok-1.18.44.jar;C:\Users\admin\.m2\repository\org\apache\commons\commons-collections4\4.4\commons-collections4-4.4.jar;C:\Users\admin\.m2\repository\org\apache\commons\commons-compress\1.26.1\commons-compress-1.26.1.jar;C:\Users\admin\.m2\repository\commons-codec\commons-codec\1.16.1\commons-codec-1.16.1.jar;C:\Users\admin\.m2\repository\org\apache\commons\commons-lang3\3.14.0\commons-lang3-3.14.0.jar;C:\Users\admin\.m2\repository\commons-io\commons-io\2.16.1\commons-io-2.16.1.jar;C:\Users\admin\.m2\repository\com\formdev\flatlaf\3.4.1\flatlaf-3.4.1.jar;C:\Users\admin\.m2\repository\com\formdev\flatlaf-extras\3.4.1\flatlaf-extras-3.4.1.jar;C:\Users\admin\.m2\repository\com\formdev\flatlaf-fonts-roboto\2.137\flatlaf-fonts-roboto-2.137.jar;C:\Users\admin\.m2\repository\com\sun\mail\javax.mail\1.6.2\javax.mail-1.6.2.jar;C:\Users\admin\.m2\repository\javax\activation\activation\1.1\activation-1.1.jar;C:\Users\admin\.m2\repository\com\sun\activation\javax.activation\1.2.0\javax.activation-1.2.0.jar;C:\Users\admin\.m2\repository\org\mindrot\jbcrypt\0.4\jbcrypt-0.4.jar;C:\Users\admin\.m2\repository\com\toedter\jcalendar\1.4\jcalendar-1.4.jar;C:\Users\admin\.m2\repository\org\jfree\jfreechart\1.0.19\jfreechart-1.0.19.jar;C:\Users\admin\.m2\repository\org\jfree\jcommon\1.0.23\jcommon-1.0.23.jar;C:\Users\admin\.m2\repository\org\jfree\org.jfree.pdf\2.0.1\org.jfree.pdf-2.0.1.jar;C:\Users\admin\.m2\repository\com\github\weisj\jsvg\1.4.0\jsvg-1.4.0.jar;C:\Users\admin\.m2\repository\org\slf4j\slf4j-api\2.0.7\slf4j-api-2.0.7.jar;C:\Users\admin\.m2\repository\org\apache\logging\log4j\log4j-api\2.20.0\log4j-api-2.20.0.jar;C:\Users\admin\.m2\repository\org\apache\logging\log4j\log4j-core\2.20.0\log4j-core-2.20.0.jar;C:\Users\admin\.m2\repository\org\apache\logging\log4j\log4j-slf4j2-impl\2.20.0\log4j-slf4j2-impl-2.20.0.jar;C:\Users\admin\.m2\repository\com\miglayout\miglayout-swing\5.3\miglayout-swing-5.3.jar;C:\Users\admin\.m2\repository\com\miglayout\miglayout-core\5.3\miglayout-core-5.3.jar;C:\Users\admin\.m2\repository\org\swinglabs\swingx\swingx-all\1.6.4\swingx-all-1.6.4.jar;C:\Users\admin\.m2\repository\org\apache\poi\poi\5.4.1\poi-5.4.1.jar;C:\Users\admin\.m2\repository\org\apache\commons\commons-math3\3.6.1\commons-math3-3.6.1.jar;C:\Users\admin\.m2\repository\com\zaxxer\SparseBitSet\1.3\SparseBitSet-1.3.jar;C:\Users\admin\.m2\repository\org\apache\poi\poi-ooxml\5.4.1\poi-ooxml-5.4.1.jar;C:\Users\admin\.m2\repository\org\apache\poi\poi-ooxml-lite\5.4.1\poi-ooxml-lite-5.4.1.jar;C:\Users\admin\.m2\repository\org\apache\poi\poi-ooxml-full\5.4.1\poi-ooxml-full-5.4.1.jar;C:\Users\admin\.m2\repository\com\github\virtuald\curvesapi\1.07\curvesapi-1.07.jar;C:\Users\admin\.m2\repository\org\apache\xmlbeans\xmlbeans\5.2.1\xmlbeans-5.2.1.jar;C:\Users\admin\.m2\repository\com\microsoft\sqlserver\mssql-jdbc\12.6.1.jre11\mssql-jdbc-12.6.1.jre11.jar;C:\Users\admin\.m2\repository\com\formdev\svgSalamander\1.1.4\svgSalamander-1.1.4.jar;C:\Users\admin\.m2\repository\org\jfree\org.jfree.chart3d\2.1.0\org.jfree.chart3d-2.1.0.jar;C:\Users\admin\.m2\repository\org\netbeans\external\AbsoluteLayout\RELEASE180\AbsoluteLayout-RELEASE180.jar;C:\Users\admin\.m2\repository\net\java\timingframework\timingframework-swing\7.3.1\timingframework-swing-7.3.1.jar;C:\Users\admin\.m2\repository\net\java\timingframework\timingframework-core\7.3.1\timingframework-core-7.3.1.jar;C:\Users\admin\.m2\repository\com\surelogic\promises\4.4.0\promises-4.4.0.jar
Launcher Type: SUN_STANDARD

[Global flags]
     intx CICompilerCount                          = 4                                         {product} {ergonomic}
     uint ConcGCThreads                            = 2                                         {product} {ergonomic}
     uint G1ConcRefinementThreads                  = 8                                         {product} {ergonomic}
   size_t G1HeapRegionSize                         = 2097152                                   {product} {ergonomic}
   size_t InitialHeapSize                          = 234881024                                 {product} {ergonomic}
   size_t MarkStackSize                            = 4194304                                   {product} {ergonomic}
   size_t MaxHeapSize                              = 3743416320                                {product} {ergonomic}
   size_t MinHeapDeltaBytes                        = 2097152                                   {product} {ergonomic}
   size_t MinHeapSize                              = 8388608                                   {product} {ergonomic}
    uintx NonNMethodCodeHeapSize                   = 5839372                                {pd product} {ergonomic}
    uintx NonProfiledCodeHeapSize                  = 122909434                              {pd product} {ergonomic}
    uintx ProfiledCodeHeapSize                     = 122909434                              {pd product} {ergonomic}
    uintx ReservedCodeCacheSize                    = 251658240                              {pd product} {ergonomic}
     bool SegmentedCodeCache                       = true                                      {product} {ergonomic}
   size_t SoftMaxHeapSize                          = 3743416320                             {manageable} {ergonomic}
     bool UseCompressedOops                        = true                           {product lp64_product} {ergonomic}
     bool UseG1GC                                  = true                                      {product} {ergonomic}
     bool UseLargePagesIndividualAllocation        = false                                  {pd product} {ergonomic}

Logging:
Log output configuration:
 #0: stdout all=warning uptime,level,tags foldmultilines=false
 #1: stderr all=off uptime,level,tags foldmultilines=false

Environment Variables:
PATH=C:\Program Files (x86)\VMware\VMware Workstation\bin\;C:\Windows\system32;C:\Windows;C:\Windows\System32\Wbem;C:\Windows\System32\WindowsPowerShell\v1.0\;C:\Windows\System32\OpenSSH\;C:\Program Files (x86)\NVIDIA Corporation\PhysX\Common;C:\WINDOWS\system32;C:\WINDOWS;C:\WINDOWS\System32\Wbem;C:\WINDOWS\System32\WindowsPowerShell\v1.0\;C:\WINDOWS\System32\OpenSSH\;E:\App\;C:\Program Files\Java\jdk-22\bin;C:\Program Files (x86)\Microsoft SQL Server\160\Tools\Binn\;C:\Program Files\Microsoft SQL Server\160\Tools\Binn\;C:\Program Files\Microsoft SQL Server\Client SDK\ODBC\170\Tools\Binn\;C:\Program Files\Microsoft SQL Server\160\DTS\Binn\;C:\Program Files\MongoDB\Server\6.0\bin;C:\Program Files\MongoDB\Tools\100\bin;C:\Users\admin\AppData\Local\Programs\mongosh;C:\Program Files\NVIDIA Corporation\NVIDIA app\NvDLISR;C:\Program Files (x86)\Microsoft SQL Server\160\DTS\Binn\;C:\node-v24.12.0-win-x64\node-v24.12.0-win-x64;C:\Program Files\Common Files\Oracle\Java\javapath;C:\Program Files\Git\cmd;C:\Program Files\Java\jdk-22\bin;C:\Users\admin\AppData\Local\Programs\Python\Python313\Scripts\;C:\Users\admin\AppData\Local\Programs\Python\Python313\;C:\Users\admin\Dropbox\Scripts\;C:\Users\admin\Dropbox\;C:\Users\admin\AppData\Local\Microsoft\WindowsApps;C:\Users\admin\AppData\Roaming\npm;C:\Users\admin\AppData\Local\Programs\Microsoft VS Code\bin;C:\Users\admin\AppData\Local\Programs\mongosh\;C:\Program Files\JetBrains\PyCharm 2024.3.5\bin;;C:\Users\admin\AppData\Local\GitHubDesktop\bin;C:\node-v24.12.0-win-x64\node-v24.12.0-win-x64;C:\Users\admin\AppData\Local\Programs\Antigravity\bin
USERNAME=admin
OS=Windows_NT
PROCESSOR_IDENTIFIER=AMD64 Family 23 Model 24 Stepping 1, AuthenticAMD
TMP=C:\Users\admin\AppData\Local\Temp
TEMP=C:\Users\admin\AppData\Local\Temp




Periodic native trim disabled

---------------  S Y S T E M  ---------------

OS:
 Windows 11 , 64 bit Build 26100 (10.0.26100.8328)
OS uptime: 0 days 1:00 hours
Hyper-V role detected

CPU: total 8 (initial active 8) (8 cores per cpu, 2 threads per core) family 23 model 24 stepping 1 microcode 0x8108109, cx8, cmov, fxsr, ht, mmx, 3dnowpref, sse, sse2, sse3, ssse3, sse4a, sse4.1, sse4.2, popcnt, lzcnt, tsc, tscinvbit, avx, avx2, aes, clmul, bmi1, bmi2, adx, sha, fma, vzeroupper, clflush, clflushopt, hv, rdtscp, f16c
Processor Information for all 8 processors :
  Max Mhz: 2300, Current Mhz: 2300, Mhz Limit: 2300

Memory: 4k page, system-wide physical 14274M (2303M free)
TotalPageFile size 22466M (AvailPageFile size 110M)
current process WorkingSet (physical memory assigned to process): 14M, peak: 14M
current process commit charge ("private bytes"): 60M, peak: 284M

vm_info: OpenJDK 64-Bit Server VM (22.0.2+9-70) for windows-amd64 JRE (22.0.2+9-70), built on 2024-06-04T16:52:23Z by "mach5one" with MS VC++ 17.6 (VS2022)

END.
