#
# There is insufficient memory for the Java Runtime Environment to continue.
# Native memory allocation (malloc) failed to allocate 109840 bytes. Error detail: Chunk::new
# Possible reasons:
#   The system is out of physical RAM or swap space
#   This process is running with CompressedOops enabled, and the Java Heap may be blocking the growth of the native heap
# Possible solutions:
#   Reduce memory load on the system
#   Increase physical memory or swap space
#   Check if swap backing store is full
#   Decrease Java heap size (-Xmx/-Xms)
#   Decrease number of Java threads
#   Decrease Java thread stack sizes (-Xss)
#   Set larger code cache with -XX:ReservedCodeCacheSize=
#   JVM is running with Unscaled Compressed Oops mode in which the Java heap is
#     placed in the first 4GB address space. The Java Heap base address is the
#     maximum limit for the native heap growth. Please use -XX:HeapBaseMinAddress
#     to set the Java Heap base and to place the Java Heap above 4GB virtual address.
# This output file may be truncated or incomplete.
#
#  Out of Memory Error (arena.cpp:168), pid=6172, tid=20240
#
# JRE version: OpenJDK Runtime Environment Temurin-21.0.10+7 (21.0.10+7) (build 21.0.10+7-LTS)
# Java VM: OpenJDK 64-Bit Server VM Temurin-21.0.10+7 (21.0.10+7-LTS, mixed mode, sharing, tiered, compressed oops, compressed class ptrs, parallel gc, windows-amd64)
# No core dump will be written. Minidumps are not enabled by default on client versions of Windows
#

---------------  S U M M A R Y ------------

Command Line: --add-modules=ALL-SYSTEM --add-opens=java.base/java.util=ALL-UNNAMED --add-opens=java.base/java.lang=ALL-UNNAMED --add-opens=java.base/sun.nio.fs=ALL-UNNAMED -Declipse.application=org.eclipse.jdt.ls.core.id1 -Dosgi.bundles.defaultStartLevel=4 -Declipse.product=org.eclipse.jdt.ls.core.product -Djava.import.generatesMetadataFilesAtProjectRoot=false -DDetectVMInstallationsJob.disabled=true -Dfile.encoding=utf8 -XX:+UseParallelGC -XX:GCTimeRatio=4 -XX:AdaptiveSizePolicyWeight=90 -Dsun.zip.disableMemoryMapping=true -Xmx2G -Xms100m -Xlog:disable -javaagent:c:\Users\admin\.vscode\extensions\redhat.java-1.54.0-win32-x64\lombok\lombok-1.18.39-4050.jar -XX:+HeapDumpOnOutOfMemoryError -XX:HeapDumpPath=c:\Users\admin\AppData\Roaming\Code\User\workspaceStorage\a2da959bb8f62bc02fbd63bbe303bc2e\redhat.java -Daether.dependencyCollector.impl=bf c:\Users\admin\.vscode\extensions\redhat.java-1.54.0-win32-x64\server\plugins\org.eclipse.equinox.launcher_1.7.100.v20251111-0406.jar -configuration c:\Users\admin\AppData\Roaming\Code\User\globalStorage\redhat.java\1.54.0\config_win -data c:\Users\admin\AppData\Roaming\Code\User\workspaceStorage\a2da959bb8f62bc02fbd63bbe303bc2e\redhat.java\jdt_ws --pipe=\\.\pipe\lsp-ad06cec348ec130a1a8a56fd7ecea88d-sock

Host: AMD Ryzen 7 3750H with Radeon Vega Mobile Gfx  , 8 cores, 13G,  Windows 11 , 64 bit Build 26100 (10.0.26100.8328)
Time: Tue May  5 08:07:23 2026 SE Asia Standard Time elapsed time: 2.856761 seconds (0d 0h 0m 2s)

---------------  T H R E A D  ---------------

Current thread (0x000002117f7d4520):  JavaThread "C2 CompilerThread1" daemon [_thread_in_native, id=20240, stack(0x0000009aa8500000,0x0000009aa8600000) (1024K)]


Current CompileTask:
C2:2856  589       4       java.lang.String::replace (42 bytes)

Stack: [0x0000009aa8500000,0x0000009aa8600000]
Native frames: (J=compiled Java code, j=interpreted, Vv=VM code, C=native code)
V  [jvm.dll+0x6d7a39]
V  [jvm.dll+0x8b4b26]
V  [jvm.dll+0x8b70de]
V  [jvm.dll+0x8b77c3]
V  [jvm.dll+0x284346]
V  [jvm.dll+0xc66ed]
V  [jvm.dll+0xc6c31]
V  [jvm.dll+0x3bec3b]
V  [jvm.dll+0x38b162]
V  [jvm.dll+0x38a5aa]
V  [jvm.dll+0x24c560]
V  [jvm.dll+0x24bb40]
V  [jvm.dll+0x1cb34e]
V  [jvm.dll+0x25b85d]
V  [jvm.dll+0x259dea]
V  [jvm.dll+0x3f857e]
V  [jvm.dll+0x85f59d]
V  [jvm.dll+0x6d626d]
C  [ucrtbase.dll+0x37b0]
C  [KERNEL32.DLL+0x2e957]
C  [ntdll.dll+0x427c]


---------------  P R O C E S S  ---------------

Threads class SMR info:
_java_thread_list=0x000002117fa45bc0, length=12, elements={
0x000002117a39dff0, 0x000002117a45dbb0, 0x000002117de13f60, 0x000002117de19540,
0x000002117de1e2e0, 0x000002117de24810, 0x000002117de24e80, 0x000002117de26c80,
0x000002117de2b610, 0x000002117f7d4520, 0x000002117f8a8b10, 0x000002117fa36cc0
}

Java Threads: ( => current thread )
  0x000002117a39dff0 JavaThread "main"                              [_thread_in_vm, id=19412, stack(0x0000009aa7900000,0x0000009aa7a00000) (1024K)]
  0x000002117a45dbb0 JavaThread "Reference Handler"          daemon [_thread_blocked, id=18180, stack(0x0000009aa7d00000,0x0000009aa7e00000) (1024K)]
  0x000002117de13f60 JavaThread "Finalizer"                  daemon [_thread_blocked, id=15524, stack(0x0000009aa7e00000,0x0000009aa7f00000) (1024K)]
  0x000002117de19540 JavaThread "Signal Dispatcher"          daemon [_thread_blocked, id=11180, stack(0x0000009aa7f00000,0x0000009aa8000000) (1024K)]
  0x000002117de1e2e0 JavaThread "Attach Listener"            daemon [_thread_blocked, id=14192, stack(0x0000009aa8000000,0x0000009aa8100000) (1024K)]
  0x000002117de24810 JavaThread "Service Thread"             daemon [_thread_blocked, id=10308, stack(0x0000009aa8100000,0x0000009aa8200000) (1024K)]
  0x000002117de24e80 JavaThread "Monitor Deflation Thread"   daemon [_thread_blocked, id=21980, stack(0x0000009aa8200000,0x0000009aa8300000) (1024K)]
  0x000002117de26c80 JavaThread "C2 CompilerThread0"         daemon [_thread_blocked, id=13900, stack(0x0000009aa8300000,0x0000009aa8400000) (1024K)]
  0x000002117de2b610 JavaThread "C1 CompilerThread0"         daemon [_thread_blocked, id=12884, stack(0x0000009aa8400000,0x0000009aa8500000) (1024K)]
=>0x000002117f7d4520 JavaThread "C2 CompilerThread1"         daemon [_thread_in_native, id=20240, stack(0x0000009aa8500000,0x0000009aa8600000) (1024K)]
  0x000002117f8a8b10 JavaThread "Common-Cleaner"             daemon [_thread_blocked, id=21628, stack(0x0000009aa8600000,0x0000009aa8700000) (1024K)]
  0x000002117fa36cc0 JavaThread "Notification Thread"        daemon [_thread_blocked, id=22840, stack(0x0000009aa8700000,0x0000009aa8800000) (1024K)]
Total: 12

Other Threads:
  0x000002117a442aa0 VMThread "VM Thread"                           [id=3820, stack(0x0000009aa7c00000,0x0000009aa7d00000) (1024K)]
  0x000002117dd2ca00 WatcherThread "VM Periodic Task Thread"        [id=8096, stack(0x0000009aa7b00000,0x0000009aa7c00000) (1024K)]
  0x000002117a3bc200 WorkerThread "GC Thread#0"                     [id=18640, stack(0x0000009aa7a00000,0x0000009aa7b00000) (1024K)]
Total: 3

Threads with active compile tasks:
C2 CompilerThread1  2892  589       4       java.lang.String::replace (42 bytes)
Total: 1

VM state: not at safepoint (normal execution)

VM Mutex/Monitor currently owned by a thread: None

Heap address: 0x0000000080000000, size: 2048 MB, Compressed Oops mode: 32-bit

CDS archive(s) mapped at: [0x0000021113000000-0x0000021113ba0000-0x0000021113ba0000), size 12189696, SharedBaseAddress: 0x0000021113000000, ArchiveRelocationMode: 1.
Compressed class space mapped at: 0x0000021114000000-0x0000021154000000, reserved size: 1073741824
Narrow klass base: 0x0000021113000000, Narrow klass shift: 0, Narrow klass range: 0x100000000

GC Precious Log:
 CardTable entry size: 512
 CPUs: 8 total, 8 available
 Memory: 14274M
 Large Page Support: Disabled
 NUMA Support: Disabled
 Compressed Oops: Enabled (32-bit)
 Alignments: Space 512K, Generation 512K, Heap 2M
 Heap Min Capacity: 100M
 Heap Initial Capacity: 100M
 Heap Max Capacity: 2G
 Pre-touch: Disabled
 Parallel Workers: 8

Heap:
 PSYoungGen      total 29696K, used 11798K [0x00000000d5580000, 0x00000000d7680000, 0x0000000100000000)
  eden space 25600K, 46% used [0x00000000d5580000,0x00000000d6105868,0x00000000d6e80000)
  from space 4096K, 0% used [0x00000000d7280000,0x00000000d7280000,0x00000000d7680000)
  to   space 4096K, 0% used [0x00000000d6e80000,0x00000000d6e80000,0x00000000d7280000)
 ParOldGen       total 68608K, used 0K [0x0000000080000000, 0x0000000084300000, 0x00000000d5580000)
  object space 68608K, 0% used [0x0000000080000000,0x0000000080000000,0x0000000084300000)
 Metaspace       used 1898K, committed 2112K, reserved 1114112K
  class space    used 190K, committed 320K, reserved 1048576K

Card table byte_map: [0x0000021179d70000,0x000002117a180000] _byte_map_base: 0x0000021179970000

Marking Bits: (ParMarkBitMap*) 0x00007ffa08f93450
 Begin Bits: [0x000002110f000000, 0x0000021111000000)
 End Bits:   [0x0000021111000000, 0x0000021113000000)

Polling page: 0x0000021179b60000

Metaspace:

Usage:
  Non-class:      1.67 MB used.
      Class:    190.74 KB used.
       Both:      1.85 MB used.

Virtual space:
  Non-class space:       64.00 MB reserved,       1.75 MB (  3%) committed,  1 nodes.
      Class space:        1.00 GB reserved,     320.00 KB ( <1%) committed,  1 nodes.
             Both:        1.06 GB reserved,       2.06 MB ( <1%) committed. 

Chunk freelists:
   Non-Class:  11.65 MB
       Class:  15.67 MB
        Both:  27.32 MB

MaxMetaspaceSize: unlimited
CompressedClassSpaceSize: 1.00 GB
Initial GC threshold: 21.00 MB
Current GC threshold: 21.00 MB
CDS: on
 - commit_granule_bytes: 65536.
 - commit_granule_words: 8192.
 - virtual_space_node_default_size: 8388608.
 - enlarge_chunks_in_place: 1.
 - use_allocation_guard: 0.


Internal statistics:

num_allocs_failed_limit: 0.
num_arena_births: 78.
num_arena_deaths: 0.
num_vsnodes_births: 2.
num_vsnodes_deaths: 0.
num_space_committed: 33.
num_space_uncommitted: 0.
num_chunks_returned_to_freelist: 0.
num_chunks_taken_from_freelist: 100.
num_chunk_merges: 0.
num_chunk_splits: 70.
num_chunks_enlarged: 45.
num_inconsistent_stats: 0.

CodeHeap 'non-profiled nmethods': size=120000Kb used=223Kb max_used=223Kb free=119776Kb
 bounds [0x0000021107ad0000, 0x0000021107d40000, 0x000002110f000000]
CodeHeap 'profiled nmethods': size=120000Kb used=881Kb max_used=881Kb free=119118Kb
 bounds [0x0000021100000000, 0x0000021100270000, 0x0000021107530000]
CodeHeap 'non-nmethods': size=5760Kb used=1160Kb max_used=1187Kb free=4599Kb
 bounds [0x0000021107530000, 0x00000211077a0000, 0x0000021107ad0000]
CodeCache: size=245760Kb, used=2264Kb, max_used=2291Kb, free=243493Kb
 total_blobs=1013, nmethods=602, adapters=318, full_count=0
Compilation: enabled, stopped_count=0, restarted_count=0

Compilation events (20 events):
Event: 0.813 Thread 0x000002117f7d4520 nmethod 588 0x0000021107b05190 code [0x0000021107b05320, 0x0000021107b05488]
Event: 0.813 Thread 0x000002117f7d4520  589       4       java.lang.String::replace (42 bytes)
Event: 0.813 Thread 0x000002117de26c80 nmethod 583 0x0000021107b05610 code [0x0000021107b057a0, 0x0000021107b05ab0]
Event: 0.815 Thread 0x000002117de2b610  591   !   3       java.lang.invoke.MemberName::getMethodType (211 bytes)
Event: 0.817 Thread 0x000002117de2b610 nmethod 591 0x00000211000d5090 code [0x00000211000d5360, 0x00000211000d6680]
Event: 0.817 Thread 0x000002117de2b610  593       3       jdk.internal.org.objectweb.asm.Frame::getAbstractTypeFromDescriptor (415 bytes)
Event: 0.819 Thread 0x000002117de2b610 nmethod 593 0x00000211000d6b90 code [0x00000211000d6f40, 0x00000211000d89c0]
Event: 0.819 Thread 0x000002117de2b610  594       3       jdk.internal.org.objectweb.asm.ByteVector::putByteArray (49 bytes)
Event: 0.820 Thread 0x000002117de2b610 nmethod 594 0x00000211000d9290 code [0x00000211000d9460, 0x00000211000d9728]
Event: 0.820 Thread 0x000002117de2b610  595       3       jdk.internal.org.objectweb.asm.ByteVector::putInt (74 bytes)
Event: 0.820 Thread 0x000002117de2b610 nmethod 595 0x00000211000d9810 code [0x00000211000d99c0, 0x00000211000d9c10]
Event: 0.820 Thread 0x000002117de2b610  596       1       sun.security.util.KnownOIDs::value (5 bytes)
Event: 0.820 Thread 0x000002117de2b610 nmethod 596 0x0000021107b05f10 code [0x0000021107b060a0, 0x0000021107b06168]
Event: 0.821 Thread 0x000002117de2b610  597       1       java.security.Provider$Service::getType (5 bytes)
Event: 0.821 Thread 0x000002117de2b610 nmethod 597 0x0000021107b06210 code [0x0000021107b063a0, 0x0000021107b06468]
Event: 0.821 Thread 0x000002117de2b610  598       1       java.security.Provider$Service::getAlgorithm (5 bytes)
Event: 0.821 Thread 0x000002117de2b610 nmethod 598 0x0000021107b06510 code [0x0000021107b066a0, 0x0000021107b06768]
Event: 0.821 Thread 0x000002117de2b610  599       1       java.security.Provider$Service::getAliases (5 bytes)
Event: 0.821 Thread 0x000002117de2b610 nmethod 599 0x0000021107b06810 code [0x0000021107b069a0, 0x0000021107b06a68]
Event: 0.821 Thread 0x000002117de26c80  600   !   4       java.lang.String::replace (258 bytes)

GC Heap History (0 events):
No events

Dll operation events (8 events):
Event: 0.047 Loaded shared library c:\Users\admin\.vscode\extensions\redhat.java-1.54.0-win32-x64\jre\21.0.10-win32-x86_64\bin\java.dll
Event: 0.241 Loaded shared library c:\Users\admin\.vscode\extensions\redhat.java-1.54.0-win32-x64\jre\21.0.10-win32-x86_64\bin\zip.dll
Event: 0.284 Loaded shared library C:\Users\admin\.vscode\extensions\redhat.java-1.54.0-win32-x64\jre\21.0.10-win32-x86_64\bin\instrument.dll
Event: 0.297 Loaded shared library C:\Users\admin\.vscode\extensions\redhat.java-1.54.0-win32-x64\jre\21.0.10-win32-x86_64\bin\net.dll
Event: 0.302 Loaded shared library C:\Users\admin\.vscode\extensions\redhat.java-1.54.0-win32-x64\jre\21.0.10-win32-x86_64\bin\nio.dll
Event: 0.309 Loaded shared library C:\Users\admin\.vscode\extensions\redhat.java-1.54.0-win32-x64\jre\21.0.10-win32-x86_64\bin\zip.dll
Event: 0.346 Loaded shared library C:\Users\admin\.vscode\extensions\redhat.java-1.54.0-win32-x64\jre\21.0.10-win32-x86_64\bin\jimage.dll
Event: 0.506 Loaded shared library c:\Users\admin\.vscode\extensions\redhat.java-1.54.0-win32-x64\jre\21.0.10-win32-x86_64\bin\verify.dll

Deoptimization events (20 events):
Event: 0.709 Thread 0x000002117a39dff0 DEOPT PACKING pc=0x0000021107ae1960 sp=0x0000009aa79fefa0
Event: 0.709 Thread 0x000002117a39dff0 DEOPT UNPACKING pc=0x0000021107583aa2 sp=0x0000009aa79feee0 mode 2
Event: 0.711 Thread 0x000002117a39dff0 Uncommon trap: trap_request=0xffffffde fr.pc=0x0000021107ae0b04 relative=0x00000000000007c4
Event: 0.711 Thread 0x000002117a39dff0 Uncommon trap: reason=class_check action=maybe_recompile pc=0x0000021107ae0b04 method=java.util.HashMap.putVal(ILjava/lang/Object;Ljava/lang/Object;ZZ)Ljava/lang/Object; @ 152 c2
Event: 0.711 Thread 0x000002117a39dff0 DEOPT PACKING pc=0x0000021107ae0b04 sp=0x0000009aa79fedd0
Event: 0.712 Thread 0x000002117a39dff0 DEOPT UNPACKING pc=0x0000021107583aa2 sp=0x0000009aa79fed30 mode 2
Event: 0.712 Thread 0x000002117a39dff0 Uncommon trap: trap_request=0xffffffde fr.pc=0x0000021107ae0b04 relative=0x00000000000007c4
Event: 0.712 Thread 0x000002117a39dff0 Uncommon trap: reason=class_check action=maybe_recompile pc=0x0000021107ae0b04 method=java.util.HashMap.putVal(ILjava/lang/Object;Ljava/lang/Object;ZZ)Ljava/lang/Object; @ 152 c2
Event: 0.712 Thread 0x000002117a39dff0 DEOPT PACKING pc=0x0000021107ae0b04 sp=0x0000009aa79fedd0
Event: 0.712 Thread 0x000002117a39dff0 DEOPT UNPACKING pc=0x0000021107583aa2 sp=0x0000009aa79fed30 mode 2
Event: 0.715 Thread 0x000002117a39dff0 DEOPT PACKING pc=0x000002110003f218 sp=0x0000009aa79fcae0
Event: 0.715 Thread 0x000002117a39dff0 DEOPT UNPACKING pc=0x0000021107584242 sp=0x0000009aa79fbfa0 mode 0
Event: 0.723 Thread 0x000002117a39dff0 DEOPT PACKING pc=0x000002110003f218 sp=0x0000009aa79faaa0
Event: 0.723 Thread 0x000002117a39dff0 DEOPT UNPACKING pc=0x0000021107584242 sp=0x0000009aa79f9f60 mode 0
Event: 0.724 Thread 0x000002117a39dff0 DEOPT PACKING pc=0x000002110003f218 sp=0x0000009aa79faa30
Event: 0.724 Thread 0x000002117a39dff0 DEOPT UNPACKING pc=0x0000021107584242 sp=0x0000009aa79f9ef0 mode 0
Event: 0.728 Thread 0x000002117a39dff0 DEOPT PACKING pc=0x000002110003f218 sp=0x0000009aa79fa700
Event: 0.729 Thread 0x000002117a39dff0 DEOPT UNPACKING pc=0x0000021107584242 sp=0x0000009aa79f9bc0 mode 0
Event: 0.730 Thread 0x000002117a39dff0 DEOPT PACKING pc=0x000002110003f218 sp=0x0000009aa79fb020
Event: 0.730 Thread 0x000002117a39dff0 DEOPT UNPACKING pc=0x0000021107584242 sp=0x0000009aa79fa4e0 mode 0

Classes loaded (20 events):
Event: 0.822 Loading class java/security/spec/RSAPrivateCrtKeySpec
Event: 0.822 Loading class java/security/spec/RSAPrivateCrtKeySpec done
Event: 0.822 Loading class java/security/spec/PKCS8EncodedKeySpec
Event: 0.822 Loading class java/security/spec/PKCS8EncodedKeySpec done
Event: 0.822 Loading class sun/security/rsa/RSAUtil$KeyType
Event: 0.823 Loading class sun/security/rsa/RSAUtil$KeyType done
Event: 0.823 Loading class java/security/spec/PSSParameterSpec
Event: 0.823 Loading class java/security/spec/AlgorithmParameterSpec
Event: 0.823 Loading class java/security/spec/AlgorithmParameterSpec done
Event: 0.823 Loading class java/security/spec/PSSParameterSpec done
Event: 0.823 Loading class sun/security/rsa/RSAPublicKeyImpl
Event: 0.823 Loading class java/security/interfaces/RSAPublicKey
Event: 0.823 Loading class java/security/interfaces/RSAKey
Event: 0.823 Loading class java/security/interfaces/RSAKey done
Event: 0.824 Loading class java/security/interfaces/RSAPublicKey done
Event: 0.824 Loading class sun/security/rsa/RSAPublicKeyImpl done
Event: 0.824 Loading class sun/security/rsa/RSAUtil
Event: 0.824 Loading class sun/security/rsa/RSAUtil done
Event: 0.824 Loading class sun/security/x509/CertificateExtensions
Event: 0.825 Loading class sun/security/x509/CertificateExtensions done

Classes unloaded (0 events):
No events

Classes redefined (0 events):
No events

Internal exceptions (12 events):
Event: 0.234 Thread 0x000002117a39dff0 Exception <a 'java/lang/NoSuchMethodError'{0x00000000d57a9608}: 'void java.lang.invoke.DirectMethodHandle$Holder.invokeStatic(java.lang.Object, java.lang.Object, java.lang.Object)'> (0x00000000d57a9608) 
thrown [s\src\hotspot\share\interpreter\linkResolver.cpp, line 773]
Event: 0.334 Thread 0x000002117a39dff0 Exception <a 'java/lang/NoSuchMethodError'{0x00000000d59125a8}: 'java.lang.Object java.lang.invoke.Invokers$Holder.invokeExact_MT(java.lang.Object, java.lang.Object, java.lang.Object, java.lang.Object, java.lang.Object)'> (0x00000000d59125a8) 
thrown [s\src\hotspot\share\interpreter\linkResolver.cpp, line 773]
Event: 0.416 Thread 0x000002117a39dff0 Exception <a 'java/lang/NoSuchMethodError'{0x00000000d59ca288}: 'int java.lang.invoke.DirectMethodHandle$Holder.invokeSpecial(java.lang.Object, java.lang.Object, java.lang.Object, int)'> (0x00000000d59ca288) 
thrown [s\src\hotspot\share\interpreter\linkResolver.cpp, line 773]
Event: 0.421 Thread 0x000002117a39dff0 Exception <a 'java/lang/NoSuchMethodError'{0x00000000d59dcc70}: 'java.lang.Object java.lang.invoke.DirectMethodHandle$Holder.invokeStatic(java.lang.Object, java.lang.Object, java.lang.Object, java.lang.Object, int)'> (0x00000000d59dcc70) 
thrown [s\src\hotspot\share\interpreter\linkResolver.cpp, line 773]
Event: 0.425 Thread 0x000002117a39dff0 Exception <a 'java/lang/NoSuchMethodError'{0x00000000d59e80b0}: 'void java.lang.invoke.DelegatingMethodHandle$Holder.reinvoke_L(java.lang.Object, java.lang.Object, java.lang.Object, int, java.lang.Object)'> (0x00000000d59e80b0) 
thrown [s\src\hotspot\share\interpreter\linkResolver.cpp, line 773]
Event: 0.430 Thread 0x000002117a39dff0 Exception <a 'java/lang/NoSuchMethodError'{0x00000000d59f8a00}: 'int java.lang.invoke.DirectMethodHandle$Holder.invokeSpecial(java.lang.Object, java.lang.Object, java.lang.Object)'> (0x00000000d59f8a00) 
thrown [s\src\hotspot\share\interpreter\linkResolver.cpp, line 773]
Event: 0.433 Thread 0x000002117a39dff0 Exception <a 'java/lang/NoSuchMethodError'{0x00000000d5a046c0}: 'java.lang.Object java.lang.invoke.DirectMethodHandle$Holder.invokeStatic(java.lang.Object, java.lang.Object, int)'> (0x00000000d5a046c0) 
thrown [s\src\hotspot\share\interpreter\linkResolver.cpp, line 773]
Event: 0.435 Thread 0x000002117a39dff0 Exception <a 'java/lang/NoSuchMethodError'{0x00000000d5a09010}: 'void java.lang.invoke.DirectMethodHandle$Holder.invokeStatic(java.lang.Object, java.lang.Object, int, java.lang.Object)'> (0x00000000d5a09010) 
thrown [s\src\hotspot\share\interpreter\linkResolver.cpp, line 773]
Event: 0.436 Thread 0x000002117a39dff0 Exception <a 'java/lang/NoSuchMethodError'{0x00000000d5a0cba0}: 'void java.lang.invoke.DirectMethodHandle$Holder.invokeSpecial(java.lang.Object, java.lang.Object, java.lang.Object, int, java.lang.Object)'> (0x00000000d5a0cba0) 
thrown [s\src\hotspot\share\interpreter\linkResolver.cpp, line 773]
Event: 0.437 Thread 0x000002117a39dff0 Exception <a 'java/lang/NoSuchMethodError'{0x00000000d5a10010}: 'void java.lang.invoke.DelegatingMethodHandle$Holder.delegate(java.lang.Object, java.lang.Object, int, java.lang.Object)'> (0x00000000d5a10010) 
thrown [s\src\hotspot\share\interpreter\linkResolver.cpp, line 773]
Event: 0.560 Thread 0x000002117a39dff0 Exception <a 'java/lang/NoSuchMethodError'{0x00000000d5bcef08}: 'void java.lang.invoke.DelegatingMethodHandle$Holder.reinvoke_L(java.lang.Object, java.lang.Object, java.lang.Object, int)'> (0x00000000d5bcef08) 
thrown [s\src\hotspot\share\interpreter\linkResolver.cpp, line 773]
Event: 0.816 Thread 0x000002117a39dff0 Exception <a 'java/lang/NoSuchMethodError'{0x00000000d605a858}: 'void java.lang.invoke.DirectMethodHandle$Holder.invokeVirtual(java.lang.Object, java.lang.Object)'> (0x00000000d605a858) 
thrown [s\src\hotspot\share\interpreter\linkResolver.cpp, line 773]

ZGC Phase Switch (0 events):
No events

VM Operations (5 events):
Event: 0.238 Executing non-safepoint VM operation: HandshakeAllThreads (Deoptimize)
Event: 0.238 Executing non-safepoint VM operation: HandshakeAllThreads (Deoptimize) done
Event: 0.369 Executing non-safepoint VM operation: HandshakeAllThreads (Deoptimize)
Event: 0.369 Executing non-safepoint VM operation: HandshakeAllThreads (Deoptimize) done
Event: 1.384 Executing safepoint VM operation: Cleanup

Memory protections (0 events):
No events

Nmethod flushes (0 events):
No events

Events (12 events):
Event: 0.094 Thread 0x000002117a39dff0 Thread added: 0x000002117a39dff0
Event: 0.129 Thread 0x000002117a39dff0 Thread added: 0x000002117a45dbb0
Event: 0.130 Thread 0x000002117a39dff0 Thread added: 0x000002117de13f60
Event: 0.130 Thread 0x000002117a39dff0 Thread added: 0x000002117de19540
Event: 0.131 Thread 0x000002117a39dff0 Thread added: 0x000002117de1e2e0
Event: 0.142 Thread 0x000002117a39dff0 Thread added: 0x000002117de24810
Event: 0.143 Thread 0x000002117a39dff0 Thread added: 0x000002117de24e80
Event: 0.144 Thread 0x000002117a39dff0 Thread added: 0x000002117de26c80
Event: 0.145 Thread 0x000002117a39dff0 Thread added: 0x000002117de2b610
Event: 0.257 Thread 0x000002117de2b610 Thread added: 0x000002117f7d4520
Event: 0.289 Thread 0x000002117a39dff0 Thread added: 0x000002117f8a8b10
Event: 0.707 Thread 0x000002117a39dff0 Thread added: 0x000002117fa36cc0


Dynamic libraries:
0x00007ff7b9640000 - 0x00007ff7b964e000 	c:\Users\admin\.vscode\extensions\redhat.java-1.54.0-win32-x64\jre\21.0.10-win32-x86_64\bin\java.exe
0x00007ffa8d7e0000 - 0x00007ffa8da47000 	C:\WINDOWS\SYSTEM32\ntdll.dll
0x00007ffa8c8d0000 - 0x00007ffa8c999000 	C:\WINDOWS\System32\KERNEL32.DLL
0x00007ffa8ab80000 - 0x00007ffa8af77000 	C:\WINDOWS\System32\KERNELBASE.dll
0x00007ffa8b260000 - 0x00007ffa8b3ab000 	C:\WINDOWS\System32\ucrtbase.dll
0x00007ffa52670000 - 0x00007ffa5268e000 	c:\Users\admin\.vscode\extensions\redhat.java-1.54.0-win32-x64\jre\21.0.10-win32-x86_64\bin\VCRUNTIME140.dll
0x00007ffa52690000 - 0x00007ffa526a8000 	c:\Users\admin\.vscode\extensions\redhat.java-1.54.0-win32-x64\jre\21.0.10-win32-x86_64\bin\jli.dll
0x00007ffa8c0b0000 - 0x00007ffa8c276000 	C:\WINDOWS\System32\USER32.dll
0x00007ffa77f50000 - 0x00007ffa781e2000 	C:\WINDOWS\WinSxS\amd64_microsoft.windows.common-controls_6595b64144ccf1df_6.0.26100.8328_none_3e08182ce334b678\COMCTL32.dll
0x00007ffa8cb70000 - 0x00007ffa8cc19000 	C:\WINDOWS\System32\msvcrt.dll
0x00007ffa8b230000 - 0x00007ffa8b257000 	C:\WINDOWS\System32\win32u.dll
0x00007ffa8cb40000 - 0x00007ffa8cb6b000 	C:\WINDOWS\System32\GDI32.dll
0x00007ffa8aa50000 - 0x00007ffa8ab7c000 	C:\WINDOWS\System32\gdi32full.dll
0x00007ffa8b0c0000 - 0x00007ffa8b163000 	C:\WINDOWS\System32\msvcp_win.dll
0x00007ffa8c5c0000 - 0x00007ffa8c5f2000 	C:\WINDOWS\System32\IMM32.DLL
0x00007ffa85f50000 - 0x00007ffa85f5c000 	c:\Users\admin\.vscode\extensions\redhat.java-1.54.0-win32-x64\jre\21.0.10-win32-x86_64\bin\vcruntime140_1.dll
0x00007ffa38240000 - 0x00007ffa382cd000 	c:\Users\admin\.vscode\extensions\redhat.java-1.54.0-win32-x64\jre\21.0.10-win32-x86_64\bin\msvcp140.dll
0x00007ffa082d0000 - 0x00007ffa09071000 	c:\Users\admin\.vscode\extensions\redhat.java-1.54.0-win32-x64\jre\21.0.10-win32-x86_64\bin\server\jvm.dll
0x00007ffa8c600000 - 0x00007ffa8c6b6000 	C:\WINDOWS\System32\ADVAPI32.dll
0x00007ffa8ca10000 - 0x00007ffa8cab7000 	C:\WINDOWS\System32\sechost.dll
0x00007ffa8c6c0000 - 0x00007ffa8c7d8000 	C:\WINDOWS\System32\RPCRT4.dll
0x00007ffa8d540000 - 0x00007ffa8d5c0000 	C:\WINDOWS\System32\WS2_32.dll
0x00007ffa83320000 - 0x00007ffa83356000 	C:\WINDOWS\SYSTEM32\WINMM.dll
0x00007ffa8a060000 - 0x00007ffa8a0be000 	C:\WINDOWS\SYSTEM32\POWRPROF.dll
0x00007ffa83360000 - 0x00007ffa8336b000 	C:\WINDOWS\SYSTEM32\VERSION.dll
0x00007ffa8a040000 - 0x00007ffa8a054000 	C:\WINDOWS\SYSTEM32\UMPDC.dll
0x00007ffa88f50000 - 0x00007ffa88f6b000 	C:\WINDOWS\SYSTEM32\kernel.appcore.dll
0x00007ffa6ef50000 - 0x00007ffa6ef5a000 	c:\Users\admin\.vscode\extensions\redhat.java-1.54.0-win32-x64\jre\21.0.10-win32-x86_64\bin\jimage.dll
0x00007ffa7e0f0000 - 0x00007ffa7e332000 	C:\WINDOWS\SYSTEM32\DBGHELP.DLL
0x00007ffa8d0b0000 - 0x00007ffa8d433000 	C:\WINDOWS\System32\combase.dll
0x00007ffa8bfd0000 - 0x00007ffa8c0a9000 	C:\WINDOWS\System32\OLEAUT32.dll
0x00007ffa774a0000 - 0x00007ffa774db000 	C:\WINDOWS\SYSTEM32\dbgcore.DLL
0x00007ffa8af80000 - 0x00007ffa8b028000 	C:\WINDOWS\System32\bcryptPrimitives.dll
0x00007ffa7f300000 - 0x00007ffa7f30f000 	c:\Users\admin\.vscode\extensions\redhat.java-1.54.0-win32-x64\jre\21.0.10-win32-x86_64\bin\instrument.dll
0x00007ffa52640000 - 0x00007ffa52660000 	c:\Users\admin\.vscode\extensions\redhat.java-1.54.0-win32-x64\jre\21.0.10-win32-x86_64\bin\java.dll
0x00007ffa8b840000 - 0x00007ffa8bfae000 	C:\WINDOWS\System32\SHELL32.dll
0x00007ffa8a1e0000 - 0x00007ffa8aa4c000 	C:\WINDOWS\System32\windows.storage.dll
0x00007ffa8b560000 - 0x00007ffa8b656000 	C:\WINDOWS\System32\SHCORE.dll
0x00007ffa8c9a0000 - 0x00007ffa8ca06000 	C:\WINDOWS\System32\shlwapi.dll
0x00007ffa8a100000 - 0x00007ffa8a129000 	C:\WINDOWS\SYSTEM32\profapi.dll
0x00007ffa38220000 - 0x00007ffa38238000 	c:\Users\admin\.vscode\extensions\redhat.java-1.54.0-win32-x64\jre\21.0.10-win32-x86_64\bin\zip.dll
0x00007ffa7f2f0000 - 0x00007ffa7f300000 	C:\Users\admin\.vscode\extensions\redhat.java-1.54.0-win32-x64\jre\21.0.10-win32-x86_64\bin\net.dll
0x00007ffa80550000 - 0x00007ffa80679000 	C:\WINDOWS\SYSTEM32\WINHTTP.dll
0x00007ffa894e0000 - 0x00007ffa8954c000 	C:\WINDOWS\system32\mswsock.dll
0x00007ffa7f2d0000 - 0x00007ffa7f2e6000 	C:\Users\admin\.vscode\extensions\redhat.java-1.54.0-win32-x64\jre\21.0.10-win32-x86_64\bin\nio.dll
0x00007ffa7f2c0000 - 0x00007ffa7f2d0000 	c:\Users\admin\.vscode\extensions\redhat.java-1.54.0-win32-x64\jre\21.0.10-win32-x86_64\bin\verify.dll

JVMTI agents:
c:\Users\admin\.vscode\extensions\redhat.java-1.54.0-win32-x64\lombok\lombok-1.18.39-4050.jar path:c:\Users\admin\.vscode\extensions\redhat.java-1.54.0-win32-x64\jre\21.0.10-win32-x86_64\bin\instrument.dll, loaded, initialized, instrumentlib options:none

dbghelp: loaded successfully - version: 4.0.5 - missing functions: none
symbol engine: initialized successfully - sym options: 0x614 - pdb path: .;c:\Users\admin\.vscode\extensions\redhat.java-1.54.0-win32-x64\jre\21.0.10-win32-x86_64\bin;C:\WINDOWS\SYSTEM32;C:\WINDOWS\WinSxS\amd64_microsoft.windows.common-controls_6595b64144ccf1df_6.0.26100.8328_none_3e08182ce334b678;c:\Users\admin\.vscode\extensions\redhat.java-1.54.0-win32-x64\jre\21.0.10-win32-x86_64\bin\server

VM Arguments:
jvm_args: --add-modules=ALL-SYSTEM --add-opens=java.base/java.util=ALL-UNNAMED --add-opens=java.base/java.lang=ALL-UNNAMED --add-opens=java.base/sun.nio.fs=ALL-UNNAMED -Declipse.application=org.eclipse.jdt.ls.core.id1 -Dosgi.bundles.defaultStartLevel=4 -Declipse.product=org.eclipse.jdt.ls.core.product -Djava.import.generatesMetadataFilesAtProjectRoot=false -DDetectVMInstallationsJob.disabled=true -Dfile.encoding=utf8 -XX:+UseParallelGC -XX:GCTimeRatio=4 -XX:AdaptiveSizePolicyWeight=90 -Dsun.zip.disableMemoryMapping=true -Xmx2G -Xms100m -Xlog:disable -javaagent:c:\Users\admin\.vscode\extensions\redhat.java-1.54.0-win32-x64\lombok\lombok-1.18.39-4050.jar -XX:+HeapDumpOnOutOfMemoryError -XX:HeapDumpPath=c:\Users\admin\AppData\Roaming\Code\User\workspaceStorage\a2da959bb8f62bc02fbd63bbe303bc2e\redhat.java -Daether.dependencyCollector.impl=bf 
java_command: c:\Users\admin\.vscode\extensions\redhat.java-1.54.0-win32-x64\server\plugins\org.eclipse.equinox.launcher_1.7.100.v20251111-0406.jar -configuration c:\Users\admin\AppData\Roaming\Code\User\globalStorage\redhat.java\1.54.0\config_win -data c:\Users\admin\AppData\Roaming\Code\User\workspaceStorage\a2da959bb8f62bc02fbd63bbe303bc2e\redhat.java\jdt_ws --pipe=\\.\pipe\lsp-ad06cec348ec130a1a8a56fd7ecea88d-sock
java_class_path (initial): c:\Users\admin\.vscode\extensions\redhat.java-1.54.0-win32-x64\server\plugins\org.eclipse.equinox.launcher_1.7.100.v20251111-0406.jar
Launcher Type: SUN_STANDARD

[Global flags]
    uintx AdaptiveSizePolicyWeight                 = 90                                        {product} {command line}
     intx CICompilerCount                          = 4                                         {product} {ergonomic}
    uintx GCTimeRatio                              = 4                                         {product} {command line}
     bool HeapDumpOnOutOfMemoryError               = true                                   {manageable} {command line}
    ccstr HeapDumpPath                             = c:\Users\admin\AppData\Roaming\Code\User\workspaceStorage\a2da959bb8f62bc02fbd63bbe303bc2e\redhat.java         {manageable} {command line}
   size_t InitialHeapSize                          = 104857600                                 {product} {command line}
   size_t MaxHeapSize                              = 2147483648                                {product} {command line}
   size_t MaxNewSize                               = 715653120                                 {product} {ergonomic}
   size_t MinHeapDeltaBytes                        = 524288                                    {product} {ergonomic}
   size_t MinHeapSize                              = 104857600                                 {product} {command line}
   size_t NewSize                                  = 34603008                                  {product} {ergonomic}
    uintx NonNMethodCodeHeapSize                   = 5839372                                {pd product} {ergonomic}
    uintx NonProfiledCodeHeapSize                  = 122909434                              {pd product} {ergonomic}
   size_t OldSize                                  = 70254592                                  {product} {ergonomic}
    uintx ProfiledCodeHeapSize                     = 122909434                              {pd product} {ergonomic}
    uintx ReservedCodeCacheSize                    = 251658240                              {pd product} {ergonomic}
     bool SegmentedCodeCache                       = true                                      {product} {ergonomic}
   size_t SoftMaxHeapSize                          = 2147483648                             {manageable} {ergonomic}
     bool UseCompressedOops                        = true                           {product lp64_product} {ergonomic}
     bool UseLargePagesIndividualAllocation        = false                                  {pd product} {ergonomic}
     bool UseParallelGC                            = true                                      {product} {command line}

Logging:
Log output configuration:
 #0: stdout all=off uptime,level,tags foldmultilines=false
 #1: stderr all=off uptime,level,tags foldmultilines=false

Release file:
JAVA_VERSION="21.0.10" 
MODULES="java.base java.compiler java.datatransfer java.xml java.prefs java.desktop java.instrument java.logging java.management java.security.sasl java.naming java.rmi java.management.rmi java.net.http java.scripting java.security.jgss java.transaction.xa java.sql java.sql.rowset java.xml.crypto java.se java.smartcardio jdk.accessibility jdk.internal.jvmstat jdk.attach jdk.charsets jdk.internal.opt jdk.zipfs jdk.compiler jdk.crypto.ec jdk.crypto.cryptoki jdk.crypto.mscapi jdk.dynalink jdk.internal.ed jdk.editpad jdk.hotspot.agent jdk.httpserver jdk.internal.le jdk.internal.vm.ci jdk.internal.vm.compiler jdk.internal.vm.compiler.management jdk.jartool jdk.javadoc jdk.jcmd jdk.management jdk.management.agent jdk.jconsole jdk.jdeps jdk.jdwp.agent jdk.jdi jdk.jfr jdk.jshell jdk.jsobject jdk.jstatd jdk.localedata jdk.management.jfr jdk.naming.dns jdk.naming.rmi jdk.net jdk.nio.mapmode jdk.random jdk.sctp jdk.security.auth jdk.security.jgss jdk.unsupported jdk.unsupported.desktop jdk.xml.dom" 

Environment Variables:
PATH=C:\Users\admin\AppData\Local\Programs\Microsoft VS Code;C:\Program Files (x86)\VMware\VMware Workstation\bin\;C:\Windows\system32;C:\Windows;C:\Windows\System32\Wbem;C:\Windows\System32\WindowsPowerShell\v1.0\;C:\Windows\System32\OpenSSH\;C:\Program Files (x86)\NVIDIA Corporation\PhysX\Common;C:\WINDOWS\system32;C:\WINDOWS;C:\WINDOWS\System32\Wbem;C:\WINDOWS\System32\WindowsPowerShell\v1.0\;C:\WINDOWS\System32\OpenSSH\;E:\App\;C:\Program Files\Java\jdk-22\bin;C:\Program Files (x86)\Microsoft SQL Server\160\Tools\Binn\;C:\Program Files\Microsoft SQL Server\160\Tools\Binn\;C:\Program Files\Microsoft SQL Server\Client SDK\ODBC\170\Tools\Binn\;C:\Program Files\Microsoft SQL Server\160\DTS\Binn\;C:\Program Files\MongoDB\Server\6.0\bin;C:\Program Files\MongoDB\Tools\100\bin;C:\Users\admin\AppData\Local\Programs\mongosh;C:\Program Files\NVIDIA Corporation\NVIDIA app\NvDLISR;C:\Program Files (x86)\Microsoft SQL Server\160\DTS\Binn\;C:\node-v24.12.0-win-x64\node-v24.12.0-win-x64;C:\Program Files\Common Files\Oracle\Java\javapath;C:\Program Files\Git\cmd;C:\Program Files\Java\jdk-22\bin;C:\Users\admin\AppData\Local\Programs\Python\Python313\Scripts\;C:\Users\admin\AppData\Local\Programs\Python\Python313\;C:\Users\admin\Dropbox\Scripts\;C:\Users\admin\Dropbox\;C:\Users\admin\AppData\Local\Microsoft\WindowsApps;C:\Users\admin\AppData\Roaming\npm;C:\Users\admin\AppData\Local\Programs\Microsoft VS Code\bin;C:\Users\admin\AppData\Local\Programs\mongosh\;C:\Program Files\JetBrains\PyCharm 2024.3.5\bin;;C:\Users\admin\AppData\Local\GitHubDesktop\bin;C:\node-v24.12.0-win-x64\node-v24.12.0-win-x64;C:\Users\admin\AppData\Local\Programs\Antigravity\bin
USERNAME=admin
OS=Windows_NT
PROCESSOR_IDENTIFIER=AMD64 Family 23 Model 24 Stepping 1, AuthenticAMD
TMP=C:\Users\admin\AppData\Local\Temp
TEMP=C:\Users\admin\AppData\Local\Temp




Periodic native trim disabled

---------------  S Y S T E M  ---------------

OS:
 Windows 11 , 64 bit Build 26100 (10.0.26100.8328)
OS uptime: 0 days 1:00 hours
Hyper-V role detected

CPU: total 8 (initial active 8) (8 cores per cpu, 2 threads per core) family 23 model 24 stepping 1 microcode 0x8108109, cx8, cmov, fxsr, ht, mmx, 3dnowpref, sse, sse2, sse3, ssse3, sse4a, sse4.1, sse4.2, popcnt, lzcnt, tsc, tscinvbit, avx, avx2, aes, clmul, bmi1, bmi2, adx, sha, fma, vzeroupper, clflush, clflushopt, hv, rdtscp, f16c
Processor Information for the first 8 processors :
  Max Mhz: 2300, Current Mhz: 2300, Mhz Limit: 2300

Memory: 4k page, system-wide physical 14274M (2200M free)
TotalPageFile size 22466M (AvailPageFile size 9M)
current process WorkingSet (physical memory assigned to process): 54M, peak: 54M
current process commit charge ("private bytes"): 226M, peak: 227M

vm_info: OpenJDK 64-Bit Server VM (21.0.10+7-LTS) for windows-amd64 JRE (21.0.10+7-LTS), built on 2026-01-20T00:00:00Z by "admin" with MS VC++ 17.12 (VS2022)

END.
